2022-06-01 04:52:00.599  INFO [Pension-Management-Portal,,] 71753 --- [restartedMain] c.c.PensionManagementPortalApplication   : Starting PensionManagementPortalApplication using Java 1.8.0_301 on intuitdepfceb5 with PID 71753 (/Users/bshree/git/personal/pms-finalworking/Pension-Management-portall/target/classes started by bshree in /Users/bshree/git/personal/pms-finalworking/Pension-Management-portall)
2022-06-01 04:52:00.606  INFO [Pension-Management-Portal,,] 71753 --- [restartedMain] c.c.PensionManagementPortalApplication   : No active profile set, falling back to default profiles: default
2022-06-01 04:52:00.696  INFO [Pension-Management-Portal,,] 71753 --- [restartedMain] .e.DevToolsPropertyDefaultsPostProcessor : Devtools property defaults active! Set 'spring.devtools.add-properties' to 'false' to disable
2022-06-01 04:52:00.697  INFO [Pension-Management-Portal,,] 71753 --- [restartedMain] .e.DevToolsPropertyDefaultsPostProcessor : For additional web related logging consider setting the 'logging.level.web' property to 'DEBUG'
2022-06-01 04:52:01.882  INFO [Pension-Management-Portal,,] 71753 --- [restartedMain] .s.d.r.c.RepositoryConfigurationDelegate : Bootstrapping Spring Data JPA repositories in DEFAULT mode.
2022-06-01 04:52:01.903  INFO [Pension-Management-Portal,,] 71753 --- [restartedMain] .s.d.r.c.RepositoryConfigurationDelegate : Finished Spring Data repository scanning in 10 ms. Found 0 JPA repository interfaces.
2022-06-01 04:52:02.427  INFO [Pension-Management-Portal,,] 71753 --- [restartedMain] o.s.cloud.context.scope.GenericScope     : BeanFactory id=d95500e3-ea95-3539-9bdb-7e8f22f0fe12
2022-06-01 04:52:03.997  INFO [Pension-Management-Portal,,] 71753 --- [restartedMain] o.s.b.w.embedded.tomcat.TomcatWebServer  : Tomcat initialized with port(s): 9085 (http)
2022-06-01 04:52:04.015  INFO [Pension-Management-Portal,,] 71753 --- [restartedMain] o.apache.catalina.core.StandardService   : Starting service [Tomcat]
2022-06-01 04:52:04.015  INFO [Pension-Management-Portal,,] 71753 --- [restartedMain] org.apache.catalina.core.StandardEngine  : Starting Servlet engine: [Apache Tomcat/9.0.50]
2022-06-01 04:52:04.165  INFO [Pension-Management-Portal,,] 71753 --- [restartedMain] o.a.c.c.C.[Tomcat].[localhost].[/]       : Initializing Spring embedded WebApplicationContext
2022-06-01 04:52:04.165  INFO [Pension-Management-Portal,,] 71753 --- [restartedMain] w.s.c.ServletWebServerApplicationContext : Root WebApplicationContext: initialization completed in 3467 ms
2022-06-01 04:52:04.271  INFO [Pension-Management-Portal,,] 71753 --- [restartedMain] com.zaxxer.hikari.HikariDataSource       : HikariPool-1 - Starting...
2022-06-01 04:52:04.629  INFO [Pension-Management-Portal,,] 71753 --- [restartedMain] com.zaxxer.hikari.HikariDataSource       : HikariPool-1 - Start completed.
2022-06-01 04:52:04.643  INFO [Pension-Management-Portal,,] 71753 --- [restartedMain] o.s.b.a.h2.H2ConsoleAutoConfiguration    : H2 console available at '/h2-console'. Database available at 'jdbc:h2:mem:933b6048-1ecd-461c-bf9a-141e8cb44fc5'
2022-06-01 04:52:05.265  INFO [Pension-Management-Portal,,] 71753 --- [restartedMain] o.hibernate.jpa.internal.util.LogHelper  : HHH000204: Processing PersistenceUnitInfo [name: default]
2022-06-01 04:52:05.342  INFO [Pension-Management-Portal,,] 71753 --- [restartedMain] org.hibernate.Version                    : HHH000412: Hibernate ORM core version 5.4.32.Final
2022-06-01 04:52:05.500  INFO [Pension-Management-Portal,,] 71753 --- [restartedMain] o.hibernate.annotations.common.Version   : HCANN000001: Hibernate Commons Annotations {5.1.2.Final}
2022-06-01 04:52:05.650  INFO [Pension-Management-Portal,,] 71753 --- [restartedMain] org.hibernate.dialect.Dialect            : HHH000400: Using dialect: org.hibernate.dialect.H2Dialect
2022-06-01 04:52:05.923  INFO [Pension-Management-Portal,,] 71753 --- [restartedMain] o.h.e.t.j.p.i.JtaPlatformInitiator       : HHH000490: Using JtaPlatform implementation: [org.hibernate.engine.transaction.jta.platform.internal.NoJtaPlatform]
2022-06-01 04:52:05.934  INFO [Pension-Management-Portal,,] 71753 --- [restartedMain] j.LocalContainerEntityManagerFactoryBean : Initialized JPA EntityManagerFactory for persistence unit 'default'
2022-06-01 04:52:06.002  WARN [Pension-Management-Portal,,] 71753 --- [restartedMain] o.s.b.d.a.OptionalLiveReloadServer       : Unable to start LiveReload server
2022-06-01 04:52:06.304  WARN [Pension-Management-Portal,,] 71753 --- [restartedMain] JpaBaseConfiguration$JpaWebConfiguration : spring.jpa.open-in-view is enabled by default. Therefore, database queries may be performed during view rendering. Explicitly configure spring.jpa.open-in-view to disable this warning
2022-06-01 04:52:08.244  INFO [Pension-Management-Portal,,] 71753 --- [restartedMain] DiscoveryClientOptionalArgsConfiguration : Eureka HTTP Client uses RestTemplate.
2022-06-01 04:52:08.466  WARN [Pension-Management-Portal,,] 71753 --- [restartedMain] iguration$LoadBalancerCaffeineWarnLogger : Spring Cloud LoadBalancer is currently working with the default cache. You can switch to using Caffeine cache, by adding it and org.springframework.cache.caffeine.CaffeineCacheManager to the classpath.
2022-06-01 04:52:08.569  INFO [Pension-Management-Portal,,] 71753 --- [restartedMain] o.s.c.n.eureka.InstanceInfoFactory       : Setting initial instance status as: STARTING
2022-06-01 04:52:08.688  INFO [Pension-Management-Portal,,] 71753 --- [restartedMain] com.netflix.discovery.DiscoveryClient    : Initializing Eureka in region us-east-1
2022-06-01 04:52:08.697  INFO [Pension-Management-Portal,,] 71753 --- [restartedMain] c.n.d.s.r.aws.ConfigClusterResolver      : Resolving eureka endpoints via configuration
2022-06-01 04:52:08.733  INFO [Pension-Management-Portal,,] 71753 --- [restartedMain] com.netflix.discovery.DiscoveryClient    : Disable delta property : false
2022-06-01 04:52:08.733  INFO [Pension-Management-Portal,,] 71753 --- [restartedMain] com.netflix.discovery.DiscoveryClient    : Single vip registry refresh property : null
2022-06-01 04:52:08.734  INFO [Pension-Management-Portal,,] 71753 --- [restartedMain] com.netflix.discovery.DiscoveryClient    : Force full registry fetch : false
2022-06-01 04:52:08.734  INFO [Pension-Management-Portal,,] 71753 --- [restartedMain] com.netflix.discovery.DiscoveryClient    : Application is null : false
2022-06-01 04:52:08.734  INFO [Pension-Management-Portal,,] 71753 --- [restartedMain] com.netflix.discovery.DiscoveryClient    : Registered Applications size is zero : true
2022-06-01 04:52:08.734  INFO [Pension-Management-Portal,,] 71753 --- [restartedMain] com.netflix.discovery.DiscoveryClient    : Application version is -1: true
2022-06-01 04:52:08.734  INFO [Pension-Management-Portal,,] 71753 --- [restartedMain] com.netflix.discovery.DiscoveryClient    : Getting all instance registry info from the eureka server
2022-06-01 04:52:09.386  INFO [Pension-Management-Portal,,] 71753 --- [restartedMain] com.netflix.discovery.DiscoveryClient    : The response status is 200
2022-06-01 04:52:09.389  INFO [Pension-Management-Portal,,] 71753 --- [restartedMain] com.netflix.discovery.DiscoveryClient    : Starting heartbeat executor: renew interval is: 30
2022-06-01 04:52:09.393  INFO [Pension-Management-Portal,,] 71753 --- [restartedMain] c.n.discovery.InstanceInfoReplicator     : InstanceInfoReplicator onDemand update allowed rate per min is 4
2022-06-01 04:52:09.398  INFO [Pension-Management-Portal,,] 71753 --- [restartedMain] com.netflix.discovery.DiscoveryClient    : Discovery Client initialized at timestamp 1654039329397 with initial instances count: 2
2022-06-01 04:52:09.407  INFO [Pension-Management-Portal,,] 71753 --- [restartedMain] o.s.c.n.e.s.EurekaServiceRegistry        : Registering application PENSION-MANAGEMENT-PORTAL with eureka with status UP
2022-06-01 04:52:09.407  INFO [Pension-Management-Portal,,] 71753 --- [restartedMain] com.netflix.discovery.DiscoveryClient    : Saw local status change event StatusChangeEvent [timestamp=1654039329407, current=UP, previous=STARTING]
2022-06-01 04:52:09.410  INFO [Pension-Management-Portal,,] 71753 --- [DiscoveryClient-InstanceInfoReplicator-0] com.netflix.discovery.DiscoveryClient    : DiscoveryClient_PENSION-MANAGEMENT-PORTAL/192.168.18.10:Pension-Management-Portal:9085: registering service...
2022-06-01 04:52:09.444  INFO [Pension-Management-Portal,,] 71753 --- [restartedMain] o.s.b.w.embedded.tomcat.TomcatWebServer  : Tomcat started on port(s): 9085 (http) with context path ''
2022-06-01 04:52:09.445  INFO [Pension-Management-Portal,,] 71753 --- [restartedMain] .s.c.n.e.s.EurekaAutoServiceRegistration : Updating port to 9085
2022-06-01 04:52:09.449  INFO [Pension-Management-Portal,,] 71753 --- [restartedMain] d.s.w.p.DocumentationPluginsBootstrapper : Context refreshed
2022-06-01 04:52:09.469  INFO [Pension-Management-Portal,,] 71753 --- [restartedMain] d.s.w.p.DocumentationPluginsBootstrapper : Found 1 custom documentation plugin(s)
2022-06-01 04:52:09.486  INFO [Pension-Management-Portal,,] 71753 --- [DiscoveryClient-InstanceInfoReplicator-0] com.netflix.discovery.DiscoveryClient    : DiscoveryClient_PENSION-MANAGEMENT-PORTAL/192.168.18.10:Pension-Management-Portal:9085 - registration status: 204
2022-06-01 04:52:09.497  INFO [Pension-Management-Portal,,] 71753 --- [restartedMain] s.d.s.w.s.ApiListingReferenceScanner     : Scanning for api listing references
2022-06-01 04:52:09.675  INFO [Pension-Management-Portal,,] 71753 --- [restartedMain] c.c.PensionManagementPortalApplication   : Started PensionManagementPortalApplication in 9.694 seconds (JVM running for 10.426)
2022-06-01 04:53:00.052  INFO [Pension-Management-Portal,,] 71753 --- [http-nio-9085-exec-1] o.a.c.c.C.[Tomcat].[localhost].[/]       : Initializing Spring DispatcherServlet 'dispatcherServlet'
2022-06-01 04:53:00.052  INFO [Pension-Management-Portal,,] 71753 --- [http-nio-9085-exec-1] o.s.web.servlet.DispatcherServlet        : Initializing Servlet 'dispatcherServlet'
2022-06-01 04:53:00.055  INFO [Pension-Management-Portal,,] 71753 --- [http-nio-9085-exec-1] o.s.web.servlet.DispatcherServlet        : Completed initialization in 3 ms
2022-06-01 04:53:25.115  INFO [Pension-Management-Portal,c1284188e072ffb9,c1284188e072ffb9] 71753 --- [http-nio-9085-exec-2] c.c.controller.PensionController         : STARTED - doLogin
2022-06-01 04:53:26.143 ERROR [Pension-Management-Portal,c1284188e072ffb9,c1284188e072ffb9] 71753 --- [http-nio-9085-exec-2] c.c.controller.PensionController         : EXCEPTION - doLogin
2022-06-01 04:53:26.147  WARN [Pension-Management-Portal,c1284188e072ffb9,c1284188e072ffb9] 71753 --- [http-nio-9085-exec-2] .w.s.m.a.ResponseStatusExceptionResolver : Resolved [com.cognizant.exception.ResourceNotFoundException: token can't be generated]
2022-06-01 04:54:30.627  INFO [Pension-Management-Portal,,] 71753 --- [Thread-1] o.s.c.n.e.s.EurekaServiceRegistry        : Unregistering application PENSION-MANAGEMENT-PORTAL with eureka with status DOWN
2022-06-01 04:54:30.647  INFO [Pension-Management-Portal,,] 71753 --- [Thread-1] com.netflix.discovery.DiscoveryClient    : Saw local status change event StatusChangeEvent [timestamp=1654039470647, current=DOWN, previous=UP]
2022-06-01 04:54:30.647  INFO [Pension-Management-Portal,,] 71753 --- [DiscoveryClient-InstanceInfoReplicator-0] com.netflix.discovery.DiscoveryClient    : DiscoveryClient_PENSION-MANAGEMENT-PORTAL/192.168.18.10:Pension-Management-Portal:9085: registering service...
2022-06-01 04:54:30.687  INFO [Pension-Management-Portal,,] 71753 --- [DiscoveryClient-InstanceInfoReplicator-0] com.netflix.discovery.DiscoveryClient    : DiscoveryClient_PENSION-MANAGEMENT-PORTAL/192.168.18.10:Pension-Management-Portal:9085 - registration status: 204
2022-06-01 04:54:30.722  INFO [Pension-Management-Portal,,] 71753 --- [Thread-1] j.LocalContainerEntityManagerFactoryBean : Closing JPA EntityManagerFactory for persistence unit 'default'
2022-06-01 04:54:30.723  INFO [Pension-Management-Portal,,] 71753 --- [Thread-1] .SchemaDropperImpl$DelayedDropActionImpl : HHH000477: Starting delayed evictData of schema as part of SessionFactory shut-down'
2022-06-01 04:54:30.943  WARN [Pension-Management-Portal,,] 71753 --- [Thread-1] o.s.b.f.support.DisposableBeanAdapter    : Invocation of destroy method failed on bean with name 'inMemoryDatabaseShutdownExecutor': org.h2.jdbc.JdbcSQLNonTransientConnectionException: Database is already closed (to disable automatic closing at VM shutdown, add ";DB_CLOSE_ON_EXIT=FALSE" to the db URL) [90121-200]
2022-06-01 04:54:30.945  INFO [Pension-Management-Portal,,] 71753 --- [Thread-1] com.zaxxer.hikari.HikariDataSource       : HikariPool-1 - Shutdown initiated...
2022-06-01 04:54:30.949  INFO [Pension-Management-Portal,,] 71753 --- [Thread-1] com.zaxxer.hikari.HikariDataSource       : HikariPool-1 - Shutdown completed.
2022-06-01 04:54:30.950  INFO [Pension-Management-Portal,,] 71753 --- [Thread-1] com.netflix.discovery.DiscoveryClient    : Shutting down DiscoveryClient ...
2022-06-01 04:54:33.954  INFO [Pension-Management-Portal,,] 71753 --- [Thread-1] com.netflix.discovery.DiscoveryClient    : Unregistering ...
2022-06-01 04:54:33.963  INFO [Pension-Management-Portal,,] 71753 --- [Thread-1] com.netflix.discovery.DiscoveryClient    : DiscoveryClient_PENSION-MANAGEMENT-PORTAL/192.168.18.10:Pension-Management-Portal:9085 - deregister  status: 200
2022-06-01 04:54:33.972  INFO [Pension-Management-Portal,,] 71753 --- [Thread-1] com.netflix.discovery.DiscoveryClient    : Completed shut down of DiscoveryClient
2022-06-01 04:54:34.240  INFO [Pension-Management-Portal,,] 71753 --- [restartedMain] c.c.PensionManagementPortalApplication   : Starting PensionManagementPortalApplication using Java 1.8.0_301 on intuitdepfceb5 with PID 71753 (/Users/bshree/git/personal/pms-finalworking/Pension-Management-portall/target/classes started by bshree in /Users/bshree/git/personal/pms-finalworking/Pension-Management-portall)
2022-06-01 04:54:34.241  INFO [Pension-Management-Portal,,] 71753 --- [restartedMain] c.c.PensionManagementPortalApplication   : No active profile set, falling back to default profiles: default
2022-06-01 04:54:34.785  INFO [Pension-Management-Portal,,] 71753 --- [restartedMain] .s.d.r.c.RepositoryConfigurationDelegate : Bootstrapping Spring Data JPA repositories in DEFAULT mode.
2022-06-01 04:54:34.790  INFO [Pension-Management-Portal,,] 71753 --- [restartedMain] .s.d.r.c.RepositoryConfigurationDelegate : Finished Spring Data repository scanning in 4 ms. Found 0 JPA repository interfaces.
2022-06-01 04:54:34.969  INFO [Pension-Management-Portal,,] 71753 --- [restartedMain] o.s.cloud.context.scope.GenericScope     : BeanFactory id=d95500e3-ea95-3539-9bdb-7e8f22f0fe12
2022-06-01 04:54:35.320  INFO [Pension-Management-Portal,,] 71753 --- [restartedMain] o.s.b.w.embedded.tomcat.TomcatWebServer  : Tomcat initialized with port(s): 9085 (http)
2022-06-01 04:54:35.322  INFO [Pension-Management-Portal,,] 71753 --- [restartedMain] o.apache.catalina.core.StandardService   : Starting service [Tomcat]
2022-06-01 04:54:35.322  INFO [Pension-Management-Portal,,] 71753 --- [restartedMain] org.apache.catalina.core.StandardEngine  : Starting Servlet engine: [Apache Tomcat/9.0.50]
2022-06-01 04:54:35.343  INFO [Pension-Management-Portal,,] 71753 --- [restartedMain] o.a.c.c.C.[Tomcat].[localhost].[/]       : Initializing Spring embedded WebApplicationContext
2022-06-01 04:54:35.344  INFO [Pension-Management-Portal,,] 71753 --- [restartedMain] w.s.c.ServletWebServerApplicationContext : Root WebApplicationContext: initialization completed in 1099 ms
2022-06-01 04:54:35.393  INFO [Pension-Management-Portal,,] 71753 --- [restartedMain] com.zaxxer.hikari.HikariDataSource       : HikariPool-2 - Starting...
2022-06-01 04:54:35.397  INFO [Pension-Management-Portal,,] 71753 --- [restartedMain] com.zaxxer.hikari.HikariDataSource       : HikariPool-2 - Start completed.
2022-06-01 04:54:35.397  INFO [Pension-Management-Portal,,] 71753 --- [restartedMain] o.s.b.a.h2.H2ConsoleAutoConfiguration    : H2 console available at '/h2-console'. Database available at 'jdbc:h2:mem:2d667037-948e-42d0-a975-91d370b46fa8'
2022-06-01 04:54:35.608  INFO [Pension-Management-Portal,,] 71753 --- [restartedMain] o.hibernate.jpa.internal.util.LogHelper  : HHH000204: Processing PersistenceUnitInfo [name: default]
2022-06-01 04:54:35.616  INFO [Pension-Management-Portal,,] 71753 --- [restartedMain] org.hibernate.dialect.Dialect            : HHH000400: Using dialect: org.hibernate.dialect.H2Dialect
2022-06-01 04:54:35.636  INFO [Pension-Management-Portal,,] 71753 --- [restartedMain] o.h.e.t.j.p.i.JtaPlatformInitiator       : HHH000490: Using JtaPlatform implementation: [org.hibernate.engine.transaction.jta.platform.internal.NoJtaPlatform]
2022-06-01 04:54:35.637  INFO [Pension-Management-Portal,,] 71753 --- [restartedMain] j.LocalContainerEntityManagerFactoryBean : Initialized JPA EntityManagerFactory for persistence unit 'default'
2022-06-01 04:54:35.662  WARN [Pension-Management-Portal,,] 71753 --- [restartedMain] o.s.b.d.a.OptionalLiveReloadServer       : Unable to start LiveReload server
2022-06-01 04:54:35.775  WARN [Pension-Management-Portal,,] 71753 --- [restartedMain] JpaBaseConfiguration$JpaWebConfiguration : spring.jpa.open-in-view is enabled by default. Therefore, database queries may be performed during view rendering. Explicitly configure spring.jpa.open-in-view to disable this warning
2022-06-01 04:54:35.838  WARN [Pension-Management-Portal,,] 71753 --- [restartedMain] o.s.c.openfeign.FeignClientFactoryBean   : The provided URL is empty. Will try picking an instance via load-balancing.
2022-06-01 04:54:36.592  INFO [Pension-Management-Portal,,] 71753 --- [restartedMain] DiscoveryClientOptionalArgsConfiguration : Eureka HTTP Client uses RestTemplate.
2022-06-01 04:54:36.720  WARN [Pension-Management-Portal,,] 71753 --- [restartedMain] iguration$LoadBalancerCaffeineWarnLogger : Spring Cloud LoadBalancer is currently working with the default cache. You can switch to using Caffeine cache, by adding it and org.springframework.cache.caffeine.CaffeineCacheManager to the classpath.
2022-06-01 04:54:36.760  INFO [Pension-Management-Portal,,] 71753 --- [restartedMain] o.s.c.n.eureka.InstanceInfoFactory       : Setting initial instance status as: STARTING
2022-06-01 04:54:36.763  INFO [Pension-Management-Portal,,] 71753 --- [restartedMain] com.netflix.discovery.DiscoveryClient    : Initializing Eureka in region us-east-1
2022-06-01 04:54:36.764  INFO [Pension-Management-Portal,,] 71753 --- [restartedMain] c.n.d.s.r.aws.ConfigClusterResolver      : Resolving eureka endpoints via configuration
2022-06-01 04:54:36.768  INFO [Pension-Management-Portal,,] 71753 --- [restartedMain] com.netflix.discovery.DiscoveryClient    : Disable delta property : false
2022-06-01 04:54:36.769  INFO [Pension-Management-Portal,,] 71753 --- [restartedMain] com.netflix.discovery.DiscoveryClient    : Single vip registry refresh property : null
2022-06-01 04:54:36.769  INFO [Pension-Management-Portal,,] 71753 --- [restartedMain] com.netflix.discovery.DiscoveryClient    : Force full registry fetch : false
2022-06-01 04:54:36.769  INFO [Pension-Management-Portal,,] 71753 --- [restartedMain] com.netflix.discovery.DiscoveryClient    : Application is null : false
2022-06-01 04:54:36.769  INFO [Pension-Management-Portal,,] 71753 --- [restartedMain] com.netflix.discovery.DiscoveryClient    : Registered Applications size is zero : true
2022-06-01 04:54:36.769  INFO [Pension-Management-Portal,,] 71753 --- [restartedMain] com.netflix.discovery.DiscoveryClient    : Application version is -1: true
2022-06-01 04:54:36.769  INFO [Pension-Management-Portal,,] 71753 --- [restartedMain] com.netflix.discovery.DiscoveryClient    : Getting all instance registry info from the eureka server
2022-06-01 04:54:36.795  INFO [Pension-Management-Portal,,] 71753 --- [restartedMain] com.netflix.discovery.DiscoveryClient    : The response status is 200
2022-06-01 04:54:36.797  INFO [Pension-Management-Portal,,] 71753 --- [restartedMain] com.netflix.discovery.DiscoveryClient    : Starting heartbeat executor: renew interval is: 30
2022-06-01 04:54:36.798  INFO [Pension-Management-Portal,,] 71753 --- [restartedMain] c.n.discovery.InstanceInfoReplicator     : InstanceInfoReplicator onDemand update allowed rate per min is 4
2022-06-01 04:54:36.800  INFO [Pension-Management-Portal,,] 71753 --- [restartedMain] com.netflix.discovery.DiscoveryClient    : Discovery Client initialized at timestamp 1654039476799 with initial instances count: 4
2022-06-01 04:54:36.807  INFO [Pension-Management-Portal,,] 71753 --- [restartedMain] o.s.c.n.e.s.EurekaServiceRegistry        : Registering application PENSION-MANAGEMENT-PORTAL with eureka with status UP
2022-06-01 04:54:36.807  INFO [Pension-Management-Portal,,] 71753 --- [restartedMain] com.netflix.discovery.DiscoveryClient    : Saw local status change event StatusChangeEvent [timestamp=1654039476807, current=UP, previous=STARTING]
2022-06-01 04:54:36.808  INFO [Pension-Management-Portal,,] 71753 --- [DiscoveryClient-InstanceInfoReplicator-0] com.netflix.discovery.DiscoveryClient    : DiscoveryClient_PENSION-MANAGEMENT-PORTAL/192.168.18.10:Pension-Management-Portal:9085: registering service...
2022-06-01 04:54:36.812  INFO [Pension-Management-Portal,,] 71753 --- [restartedMain] o.s.b.w.embedded.tomcat.TomcatWebServer  : Tomcat started on port(s): 9085 (http) with context path ''
2022-06-01 04:54:36.812  INFO [Pension-Management-Portal,,] 71753 --- [restartedMain] .s.c.n.e.s.EurekaAutoServiceRegistration : Updating port to 9085
2022-06-01 04:54:36.817  INFO [Pension-Management-Portal,,] 71753 --- [restartedMain] d.s.w.p.DocumentationPluginsBootstrapper : Context refreshed
2022-06-01 04:54:36.817  INFO [Pension-Management-Portal,,] 71753 --- [restartedMain] d.s.w.p.DocumentationPluginsBootstrapper : Found 1 custom documentation plugin(s)
2022-06-01 04:54:36.824  INFO [Pension-Management-Portal,,] 71753 --- [restartedMain] s.d.s.w.s.ApiListingReferenceScanner     : Scanning for api listing references
2022-06-01 04:54:36.830  INFO [Pension-Management-Portal,,] 71753 --- [DiscoveryClient-InstanceInfoReplicator-0] com.netflix.discovery.DiscoveryClient    : DiscoveryClient_PENSION-MANAGEMENT-PORTAL/192.168.18.10:Pension-Management-Portal:9085 - registration status: 204
2022-06-01 04:54:36.878  INFO [Pension-Management-Portal,,] 71753 --- [restartedMain] c.c.PensionManagementPortalApplication   : Started PensionManagementPortalApplication in 2.696 seconds (JVM running for 157.626)
2022-06-01 04:54:36.881  INFO [Pension-Management-Portal,,] 71753 --- [restartedMain] .ConditionEvaluationDeltaLoggingListener : Condition evaluation unchanged
2022-06-01 04:54:39.963  INFO [Pension-Management-Portal,,] 71753 --- [Thread-8] o.s.c.n.e.s.EurekaServiceRegistry        : Unregistering application PENSION-MANAGEMENT-PORTAL with eureka with status DOWN
2022-06-01 04:54:39.964  INFO [Pension-Management-Portal,,] 71753 --- [Thread-8] com.netflix.discovery.DiscoveryClient    : Saw local status change event StatusChangeEvent [timestamp=1654039479964, current=DOWN, previous=UP]
2022-06-01 04:54:39.964  INFO [Pension-Management-Portal,,] 71753 --- [DiscoveryClient-InstanceInfoReplicator-0] com.netflix.discovery.DiscoveryClient    : DiscoveryClient_PENSION-MANAGEMENT-PORTAL/192.168.18.10:Pension-Management-Portal:9085: registering service...
2022-06-01 04:54:39.977  INFO [Pension-Management-Portal,,] 71753 --- [DiscoveryClient-InstanceInfoReplicator-0] com.netflix.discovery.DiscoveryClient    : DiscoveryClient_PENSION-MANAGEMENT-PORTAL/192.168.18.10:Pension-Management-Portal:9085 - registration status: 204
2022-06-01 04:54:39.988  INFO [Pension-Management-Portal,,] 71753 --- [Thread-8] j.LocalContainerEntityManagerFactoryBean : Closing JPA EntityManagerFactory for persistence unit 'default'
2022-06-01 04:54:39.988  INFO [Pension-Management-Portal,,] 71753 --- [Thread-8] .SchemaDropperImpl$DelayedDropActionImpl : HHH000477: Starting delayed evictData of schema as part of SessionFactory shut-down'
2022-06-01 04:54:40.190  WARN [Pension-Management-Portal,,] 71753 --- [Thread-8] o.s.b.f.support.DisposableBeanAdapter    : Invocation of destroy method failed on bean with name 'inMemoryDatabaseShutdownExecutor': org.h2.jdbc.JdbcSQLNonTransientConnectionException: Database is already closed (to disable automatic closing at VM shutdown, add ";DB_CLOSE_ON_EXIT=FALSE" to the db URL) [90121-200]
2022-06-01 04:54:40.191  INFO [Pension-Management-Portal,,] 71753 --- [Thread-8] com.zaxxer.hikari.HikariDataSource       : HikariPool-2 - Shutdown initiated...
2022-06-01 04:54:40.194  INFO [Pension-Management-Portal,,] 71753 --- [Thread-8] com.zaxxer.hikari.HikariDataSource       : HikariPool-2 - Shutdown completed.
2022-06-01 04:54:40.195  INFO [Pension-Management-Portal,,] 71753 --- [Thread-8] com.netflix.discovery.DiscoveryClient    : Shutting down DiscoveryClient ...
2022-06-01 04:54:43.199  INFO [Pension-Management-Portal,,] 71753 --- [Thread-8] com.netflix.discovery.DiscoveryClient    : Unregistering ...
2022-06-01 04:54:43.206  INFO [Pension-Management-Portal,,] 71753 --- [Thread-8] com.netflix.discovery.DiscoveryClient    : DiscoveryClient_PENSION-MANAGEMENT-PORTAL/192.168.18.10:Pension-Management-Portal:9085 - deregister  status: 200
2022-06-01 04:54:43.211  INFO [Pension-Management-Portal,,] 71753 --- [Thread-8] com.netflix.discovery.DiscoveryClient    : Completed shut down of DiscoveryClient
2022-06-01 04:54:43.609  INFO [Pension-Management-Portal,,] 71753 --- [restartedMain] c.c.PensionManagementPortalApplication   : Starting PensionManagementPortalApplication using Java 1.8.0_301 on intuitdepfceb5 with PID 71753 (/Users/bshree/git/personal/pms-finalworking/Pension-Management-portall/target/classes started by bshree in /Users/bshree/git/personal/pms-finalworking/Pension-Management-portall)
2022-06-01 04:54:43.609  INFO [Pension-Management-Portal,,] 71753 --- [restartedMain] c.c.PensionManagementPortalApplication   : No active profile set, falling back to default profiles: default
2022-06-01 04:54:44.003  INFO [Pension-Management-Portal,,] 71753 --- [restartedMain] .s.d.r.c.RepositoryConfigurationDelegate : Bootstrapping Spring Data JPA repositories in DEFAULT mode.
2022-06-01 04:54:44.008  INFO [Pension-Management-Portal,,] 71753 --- [restartedMain] .s.d.r.c.RepositoryConfigurationDelegate : Finished Spring Data repository scanning in 4 ms. Found 0 JPA repository interfaces.
2022-06-01 04:54:44.150  INFO [Pension-Management-Portal,,] 71753 --- [restartedMain] o.s.cloud.context.scope.GenericScope     : BeanFactory id=d95500e3-ea95-3539-9bdb-7e8f22f0fe12
2022-06-01 04:54:44.364  INFO [Pension-Management-Portal,,] 71753 --- [restartedMain] o.s.b.w.embedded.tomcat.TomcatWebServer  : Tomcat initialized with port(s): 9085 (http)
2022-06-01 04:54:44.365  INFO [Pension-Management-Portal,,] 71753 --- [restartedMain] o.apache.catalina.core.StandardService   : Starting service [Tomcat]
2022-06-01 04:54:44.365  INFO [Pension-Management-Portal,,] 71753 --- [restartedMain] org.apache.catalina.core.StandardEngine  : Starting Servlet engine: [Apache Tomcat/9.0.50]
2022-06-01 04:54:44.379  INFO [Pension-Management-Portal,,] 71753 --- [restartedMain] o.a.c.c.C.[Tomcat].[localhost].[/]       : Initializing Spring embedded WebApplicationContext
2022-06-01 04:54:44.379  INFO [Pension-Management-Portal,,] 71753 --- [restartedMain] w.s.c.ServletWebServerApplicationContext : Root WebApplicationContext: initialization completed in 767 ms
2022-06-01 04:54:44.407  INFO [Pension-Management-Portal,,] 71753 --- [restartedMain] com.zaxxer.hikari.HikariDataSource       : HikariPool-3 - Starting...
2022-06-01 04:54:44.409  INFO [Pension-Management-Portal,,] 71753 --- [restartedMain] com.zaxxer.hikari.HikariDataSource       : HikariPool-3 - Start completed.
2022-06-01 04:54:44.410  INFO [Pension-Management-Portal,,] 71753 --- [restartedMain] o.s.b.a.h2.H2ConsoleAutoConfiguration    : H2 console available at '/h2-console'. Database available at 'jdbc:h2:mem:5050f875-17d8-4afe-a794-f3fd41311370'
2022-06-01 04:54:44.555  INFO [Pension-Management-Portal,,] 71753 --- [restartedMain] o.hibernate.jpa.internal.util.LogHelper  : HHH000204: Processing PersistenceUnitInfo [name: default]
2022-06-01 04:54:44.560  INFO [Pension-Management-Portal,,] 71753 --- [restartedMain] org.hibernate.dialect.Dialect            : HHH000400: Using dialect: org.hibernate.dialect.H2Dialect
2022-06-01 04:54:44.575  INFO [Pension-Management-Portal,,] 71753 --- [restartedMain] o.h.e.t.j.p.i.JtaPlatformInitiator       : HHH000490: Using JtaPlatform implementation: [org.hibernate.engine.transaction.jta.platform.internal.NoJtaPlatform]
2022-06-01 04:54:44.575  INFO [Pension-Management-Portal,,] 71753 --- [restartedMain] j.LocalContainerEntityManagerFactoryBean : Initialized JPA EntityManagerFactory for persistence unit 'default'
2022-06-01 04:54:44.593  WARN [Pension-Management-Portal,,] 71753 --- [restartedMain] o.s.b.d.a.OptionalLiveReloadServer       : Unable to start LiveReload server
2022-06-01 04:54:44.683  WARN [Pension-Management-Portal,,] 71753 --- [restartedMain] JpaBaseConfiguration$JpaWebConfiguration : spring.jpa.open-in-view is enabled by default. Therefore, database queries may be performed during view rendering. Explicitly configure spring.jpa.open-in-view to disable this warning
2022-06-01 04:54:44.729  WARN [Pension-Management-Portal,,] 71753 --- [restartedMain] o.s.c.openfeign.FeignClientFactoryBean   : The provided URL is empty. Will try picking an instance via load-balancing.
2022-06-01 04:54:44.783  WARN [Pension-Management-Portal,,] 71753 --- [restartedMain] o.s.c.openfeign.FeignClientFactoryBean   : The provided URL is empty. Will try picking an instance via load-balancing.
2022-06-01 04:54:45.296  INFO [Pension-Management-Portal,,] 71753 --- [restartedMain] DiscoveryClientOptionalArgsConfiguration : Eureka HTTP Client uses RestTemplate.
2022-06-01 04:54:45.426  WARN [Pension-Management-Portal,,] 71753 --- [restartedMain] iguration$LoadBalancerCaffeineWarnLogger : Spring Cloud LoadBalancer is currently working with the default cache. You can switch to using Caffeine cache, by adding it and org.springframework.cache.caffeine.CaffeineCacheManager to the classpath.
2022-06-01 04:54:45.467  INFO [Pension-Management-Portal,,] 71753 --- [restartedMain] o.s.c.n.eureka.InstanceInfoFactory       : Setting initial instance status as: STARTING
2022-06-01 04:54:45.471  INFO [Pension-Management-Portal,,] 71753 --- [restartedMain] com.netflix.discovery.DiscoveryClient    : Initializing Eureka in region us-east-1
2022-06-01 04:54:45.472  INFO [Pension-Management-Portal,,] 71753 --- [restartedMain] c.n.d.s.r.aws.ConfigClusterResolver      : Resolving eureka endpoints via configuration
2022-06-01 04:54:45.474  INFO [Pension-Management-Portal,,] 71753 --- [restartedMain] com.netflix.discovery.DiscoveryClient    : Disable delta property : false
2022-06-01 04:54:45.474  INFO [Pension-Management-Portal,,] 71753 --- [restartedMain] com.netflix.discovery.DiscoveryClient    : Single vip registry refresh property : null
2022-06-01 04:54:45.474  INFO [Pension-Management-Portal,,] 71753 --- [restartedMain] com.netflix.discovery.DiscoveryClient    : Force full registry fetch : false
2022-06-01 04:54:45.474  INFO [Pension-Management-Portal,,] 71753 --- [restartedMain] com.netflix.discovery.DiscoveryClient    : Application is null : false
2022-06-01 04:54:45.474  INFO [Pension-Management-Portal,,] 71753 --- [restartedMain] com.netflix.discovery.DiscoveryClient    : Registered Applications size is zero : true
2022-06-01 04:54:45.474  INFO [Pension-Management-Portal,,] 71753 --- [restartedMain] com.netflix.discovery.DiscoveryClient    : Application version is -1: true
2022-06-01 04:54:45.474  INFO [Pension-Management-Portal,,] 71753 --- [restartedMain] com.netflix.discovery.DiscoveryClient    : Getting all instance registry info from the eureka server
2022-06-01 04:54:45.505  INFO [Pension-Management-Portal,,] 71753 --- [restartedMain] com.netflix.discovery.DiscoveryClient    : The response status is 200
2022-06-01 04:54:45.506  INFO [Pension-Management-Portal,,] 71753 --- [restartedMain] com.netflix.discovery.DiscoveryClient    : Starting heartbeat executor: renew interval is: 30
2022-06-01 04:54:45.507  INFO [Pension-Management-Portal,,] 71753 --- [restartedMain] c.n.discovery.InstanceInfoReplicator     : InstanceInfoReplicator onDemand update allowed rate per min is 4
2022-06-01 04:54:45.508  INFO [Pension-Management-Portal,,] 71753 --- [restartedMain] com.netflix.discovery.DiscoveryClient    : Discovery Client initialized at timestamp 1654039485508 with initial instances count: 4
2022-06-01 04:54:45.514  INFO [Pension-Management-Portal,,] 71753 --- [restartedMain] o.s.c.n.e.s.EurekaServiceRegistry        : Registering application PENSION-MANAGEMENT-PORTAL with eureka with status UP
2022-06-01 04:54:45.514  INFO [Pension-Management-Portal,,] 71753 --- [restartedMain] com.netflix.discovery.DiscoveryClient    : Saw local status change event StatusChangeEvent [timestamp=1654039485514, current=UP, previous=STARTING]
2022-06-01 04:54:45.515  INFO [Pension-Management-Portal,,] 71753 --- [DiscoveryClient-InstanceInfoReplicator-0] com.netflix.discovery.DiscoveryClient    : DiscoveryClient_PENSION-MANAGEMENT-PORTAL/192.168.18.10:Pension-Management-Portal:9085: registering service...
2022-06-01 04:54:45.519  INFO [Pension-Management-Portal,,] 71753 --- [restartedMain] o.s.b.w.embedded.tomcat.TomcatWebServer  : Tomcat started on port(s): 9085 (http) with context path ''
2022-06-01 04:54:45.519  INFO [Pension-Management-Portal,,] 71753 --- [restartedMain] .s.c.n.e.s.EurekaAutoServiceRegistration : Updating port to 9085
2022-06-01 04:54:45.522  INFO [Pension-Management-Portal,,] 71753 --- [restartedMain] d.s.w.p.DocumentationPluginsBootstrapper : Context refreshed
2022-06-01 04:54:45.523  INFO [Pension-Management-Portal,,] 71753 --- [restartedMain] d.s.w.p.DocumentationPluginsBootstrapper : Found 1 custom documentation plugin(s)
2022-06-01 04:54:45.526  INFO [Pension-Management-Portal,,] 71753 --- [restartedMain] s.d.s.w.s.ApiListingReferenceScanner     : Scanning for api listing references
2022-06-01 04:54:45.536  INFO [Pension-Management-Portal,,] 71753 --- [DiscoveryClient-InstanceInfoReplicator-0] com.netflix.discovery.DiscoveryClient    : DiscoveryClient_PENSION-MANAGEMENT-PORTAL/192.168.18.10:Pension-Management-Portal:9085 - registration status: 204
2022-06-01 04:54:45.573  INFO [Pension-Management-Portal,,] 71753 --- [restartedMain] c.c.PensionManagementPortalApplication   : Started PensionManagementPortalApplication in 2.001 seconds (JVM running for 166.321)
2022-06-01 04:54:45.575  INFO [Pension-Management-Portal,,] 71753 --- [restartedMain] .ConditionEvaluationDeltaLoggingListener : Condition evaluation unchanged
2022-06-01 04:54:49.690  INFO [Pension-Management-Portal,,] 71753 --- [Thread-15] o.s.c.n.e.s.EurekaServiceRegistry        : Unregistering application PENSION-MANAGEMENT-PORTAL with eureka with status DOWN
2022-06-01 04:54:49.690  INFO [Pension-Management-Portal,,] 71753 --- [Thread-15] com.netflix.discovery.DiscoveryClient    : Saw local status change event StatusChangeEvent [timestamp=1654039489690, current=DOWN, previous=UP]
2022-06-01 04:54:49.690  INFO [Pension-Management-Portal,,] 71753 --- [DiscoveryClient-InstanceInfoReplicator-0] com.netflix.discovery.DiscoveryClient    : DiscoveryClient_PENSION-MANAGEMENT-PORTAL/192.168.18.10:Pension-Management-Portal:9085: registering service...
2022-06-01 04:54:49.699  INFO [Pension-Management-Portal,,] 71753 --- [DiscoveryClient-InstanceInfoReplicator-0] com.netflix.discovery.DiscoveryClient    : DiscoveryClient_PENSION-MANAGEMENT-PORTAL/192.168.18.10:Pension-Management-Portal:9085 - registration status: 204
2022-06-01 04:54:49.710  INFO [Pension-Management-Portal,,] 71753 --- [Thread-15] j.LocalContainerEntityManagerFactoryBean : Closing JPA EntityManagerFactory for persistence unit 'default'
2022-06-01 04:54:49.710  INFO [Pension-Management-Portal,,] 71753 --- [Thread-15] .SchemaDropperImpl$DelayedDropActionImpl : HHH000477: Starting delayed evictData of schema as part of SessionFactory shut-down'
2022-06-01 04:54:49.912  WARN [Pension-Management-Portal,,] 71753 --- [Thread-15] o.s.b.f.support.DisposableBeanAdapter    : Invocation of destroy method failed on bean with name 'inMemoryDatabaseShutdownExecutor': org.h2.jdbc.JdbcSQLNonTransientConnectionException: Database is already closed (to disable automatic closing at VM shutdown, add ";DB_CLOSE_ON_EXIT=FALSE" to the db URL) [90121-200]
2022-06-01 04:54:49.912  INFO [Pension-Management-Portal,,] 71753 --- [Thread-15] com.zaxxer.hikari.HikariDataSource       : HikariPool-3 - Shutdown initiated...
2022-06-01 04:54:49.915  INFO [Pension-Management-Portal,,] 71753 --- [Thread-15] com.zaxxer.hikari.HikariDataSource       : HikariPool-3 - Shutdown completed.
2022-06-01 04:54:49.915  INFO [Pension-Management-Portal,,] 71753 --- [Thread-15] com.netflix.discovery.DiscoveryClient    : Shutting down DiscoveryClient ...
2022-06-01 04:54:52.918  INFO [Pension-Management-Portal,,] 71753 --- [Thread-15] com.netflix.discovery.DiscoveryClient    : Unregistering ...
2022-06-01 04:54:52.924  INFO [Pension-Management-Portal,,] 71753 --- [Thread-15] com.netflix.discovery.DiscoveryClient    : DiscoveryClient_PENSION-MANAGEMENT-PORTAL/192.168.18.10:Pension-Management-Portal:9085 - deregister  status: 200
2022-06-01 04:54:52.928  INFO [Pension-Management-Portal,,] 71753 --- [Thread-15] com.netflix.discovery.DiscoveryClient    : Completed shut down of DiscoveryClient
2022-06-01 04:54:53.285  INFO [Pension-Management-Portal,,] 71753 --- [restartedMain] c.c.PensionManagementPortalApplication   : Starting PensionManagementPortalApplication using Java 1.8.0_301 on intuitdepfceb5 with PID 71753 (/Users/bshree/git/personal/pms-finalworking/Pension-Management-portall/target/classes started by bshree in /Users/bshree/git/personal/pms-finalworking/Pension-Management-portall)
2022-06-01 04:54:53.285  INFO [Pension-Management-Portal,,] 71753 --- [restartedMain] c.c.PensionManagementPortalApplication   : No active profile set, falling back to default profiles: default
2022-06-01 04:54:53.572  INFO [Pension-Management-Portal,,] 71753 --- [restartedMain] .s.d.r.c.RepositoryConfigurationDelegate : Bootstrapping Spring Data JPA repositories in DEFAULT mode.
2022-06-01 04:54:53.575  INFO [Pension-Management-Portal,,] 71753 --- [restartedMain] .s.d.r.c.RepositoryConfigurationDelegate : Finished Spring Data repository scanning in 2 ms. Found 0 JPA repository interfaces.
2022-06-01 04:54:53.658  INFO [Pension-Management-Portal,,] 71753 --- [restartedMain] o.s.cloud.context.scope.GenericScope     : BeanFactory id=d95500e3-ea95-3539-9bdb-7e8f22f0fe12
2022-06-01 04:54:53.781  INFO [Pension-Management-Portal,,] 71753 --- [restartedMain] o.s.b.w.embedded.tomcat.TomcatWebServer  : Tomcat initialized with port(s): 9085 (http)
2022-06-01 04:54:53.782  INFO [Pension-Management-Portal,,] 71753 --- [restartedMain] o.apache.catalina.core.StandardService   : Starting service [Tomcat]
2022-06-01 04:54:53.782  INFO [Pension-Management-Portal,,] 71753 --- [restartedMain] org.apache.catalina.core.StandardEngine  : Starting Servlet engine: [Apache Tomcat/9.0.50]
2022-06-01 04:54:53.793  INFO [Pension-Management-Portal,,] 71753 --- [restartedMain] o.a.c.c.C.[Tomcat].[localhost].[/]       : Initializing Spring embedded WebApplicationContext
2022-06-01 04:54:53.793  INFO [Pension-Management-Portal,,] 71753 --- [restartedMain] w.s.c.ServletWebServerApplicationContext : Root WebApplicationContext: initialization completed in 506 ms
2022-06-01 04:54:53.816  INFO [Pension-Management-Portal,,] 71753 --- [restartedMain] com.zaxxer.hikari.HikariDataSource       : HikariPool-4 - Starting...
2022-06-01 04:54:53.819  INFO [Pension-Management-Portal,,] 71753 --- [restartedMain] com.zaxxer.hikari.HikariDataSource       : HikariPool-4 - Start completed.
2022-06-01 04:54:53.819  INFO [Pension-Management-Portal,,] 71753 --- [restartedMain] o.s.b.a.h2.H2ConsoleAutoConfiguration    : H2 console available at '/h2-console'. Database available at 'jdbc:h2:mem:eaf03870-6024-4528-b9aa-0ee25f14ddfd'
2022-06-01 04:54:53.927  INFO [Pension-Management-Portal,,] 71753 --- [restartedMain] o.hibernate.jpa.internal.util.LogHelper  : HHH000204: Processing PersistenceUnitInfo [name: default]
2022-06-01 04:54:53.932  INFO [Pension-Management-Portal,,] 71753 --- [restartedMain] org.hibernate.dialect.Dialect            : HHH000400: Using dialect: org.hibernate.dialect.H2Dialect
2022-06-01 04:54:53.943  INFO [Pension-Management-Portal,,] 71753 --- [restartedMain] o.h.e.t.j.p.i.JtaPlatformInitiator       : HHH000490: Using JtaPlatform implementation: [org.hibernate.engine.transaction.jta.platform.internal.NoJtaPlatform]
2022-06-01 04:54:53.944  INFO [Pension-Management-Portal,,] 71753 --- [restartedMain] j.LocalContainerEntityManagerFactoryBean : Initialized JPA EntityManagerFactory for persistence unit 'default'
2022-06-01 04:54:53.960  WARN [Pension-Management-Portal,,] 71753 --- [restartedMain] o.s.b.d.a.OptionalLiveReloadServer       : Unable to start LiveReload server
2022-06-01 04:54:54.024  WARN [Pension-Management-Portal,,] 71753 --- [restartedMain] JpaBaseConfiguration$JpaWebConfiguration : spring.jpa.open-in-view is enabled by default. Therefore, database queries may be performed during view rendering. Explicitly configure spring.jpa.open-in-view to disable this warning
2022-06-01 04:54:54.062  WARN [Pension-Management-Portal,,] 71753 --- [restartedMain] o.s.c.openfeign.FeignClientFactoryBean   : The provided URL is empty. Will try picking an instance via load-balancing.
2022-06-01 04:54:54.095  WARN [Pension-Management-Portal,,] 71753 --- [restartedMain] o.s.c.openfeign.FeignClientFactoryBean   : The provided URL is empty. Will try picking an instance via load-balancing.
2022-06-01 04:54:54.113  WARN [Pension-Management-Portal,,] 71753 --- [restartedMain] o.s.c.openfeign.FeignClientFactoryBean   : The provided URL is empty. Will try picking an instance via load-balancing.
2022-06-01 04:54:54.550  INFO [Pension-Management-Portal,,] 71753 --- [restartedMain] DiscoveryClientOptionalArgsConfiguration : Eureka HTTP Client uses RestTemplate.
2022-06-01 04:54:54.636  WARN [Pension-Management-Portal,,] 71753 --- [restartedMain] iguration$LoadBalancerCaffeineWarnLogger : Spring Cloud LoadBalancer is currently working with the default cache. You can switch to using Caffeine cache, by adding it and org.springframework.cache.caffeine.CaffeineCacheManager to the classpath.
2022-06-01 04:54:54.679  INFO [Pension-Management-Portal,,] 71753 --- [restartedMain] o.s.c.n.eureka.InstanceInfoFactory       : Setting initial instance status as: STARTING
2022-06-01 04:54:54.683  INFO [Pension-Management-Portal,,] 71753 --- [restartedMain] com.netflix.discovery.DiscoveryClient    : Initializing Eureka in region us-east-1
2022-06-01 04:54:54.683  INFO [Pension-Management-Portal,,] 71753 --- [restartedMain] c.n.d.s.r.aws.ConfigClusterResolver      : Resolving eureka endpoints via configuration
2022-06-01 04:54:54.684  INFO [Pension-Management-Portal,,] 71753 --- [restartedMain] com.netflix.discovery.DiscoveryClient    : Disable delta property : false
2022-06-01 04:54:54.684  INFO [Pension-Management-Portal,,] 71753 --- [restartedMain] com.netflix.discovery.DiscoveryClient    : Single vip registry refresh property : null
2022-06-01 04:54:54.684  INFO [Pension-Management-Portal,,] 71753 --- [restartedMain] com.netflix.discovery.DiscoveryClient    : Force full registry fetch : false
2022-06-01 04:54:54.684  INFO [Pension-Management-Portal,,] 71753 --- [restartedMain] com.netflix.discovery.DiscoveryClient    : Application is null : false
2022-06-01 04:54:54.684  INFO [Pension-Management-Portal,,] 71753 --- [restartedMain] com.netflix.discovery.DiscoveryClient    : Registered Applications size is zero : true
2022-06-01 04:54:54.684  INFO [Pension-Management-Portal,,] 71753 --- [restartedMain] com.netflix.discovery.DiscoveryClient    : Application version is -1: true
2022-06-01 04:54:54.684  INFO [Pension-Management-Portal,,] 71753 --- [restartedMain] com.netflix.discovery.DiscoveryClient    : Getting all instance registry info from the eureka server
2022-06-01 04:54:54.708  INFO [Pension-Management-Portal,,] 71753 --- [restartedMain] com.netflix.discovery.DiscoveryClient    : The response status is 200
2022-06-01 04:54:54.709  INFO [Pension-Management-Portal,,] 71753 --- [restartedMain] com.netflix.discovery.DiscoveryClient    : Starting heartbeat executor: renew interval is: 30
2022-06-01 04:54:54.710  INFO [Pension-Management-Portal,,] 71753 --- [restartedMain] c.n.discovery.InstanceInfoReplicator     : InstanceInfoReplicator onDemand update allowed rate per min is 4
2022-06-01 04:54:54.711  INFO [Pension-Management-Portal,,] 71753 --- [restartedMain] com.netflix.discovery.DiscoveryClient    : Discovery Client initialized at timestamp 1654039494711 with initial instances count: 4
2022-06-01 04:54:54.719  INFO [Pension-Management-Portal,,] 71753 --- [restartedMain] o.s.c.n.e.s.EurekaServiceRegistry        : Registering application PENSION-MANAGEMENT-PORTAL with eureka with status UP
2022-06-01 04:54:54.719  INFO [Pension-Management-Portal,,] 71753 --- [restartedMain] com.netflix.discovery.DiscoveryClient    : Saw local status change event StatusChangeEvent [timestamp=1654039494719, current=UP, previous=STARTING]
2022-06-01 04:54:54.720  INFO [Pension-Management-Portal,,] 71753 --- [DiscoveryClient-InstanceInfoReplicator-0] com.netflix.discovery.DiscoveryClient    : DiscoveryClient_PENSION-MANAGEMENT-PORTAL/192.168.18.10:Pension-Management-Portal:9085: registering service...
2022-06-01 04:54:54.724  INFO [Pension-Management-Portal,,] 71753 --- [restartedMain] o.s.b.w.embedded.tomcat.TomcatWebServer  : Tomcat started on port(s): 9085 (http) with context path ''
2022-06-01 04:54:54.724  INFO [Pension-Management-Portal,,] 71753 --- [restartedMain] .s.c.n.e.s.EurekaAutoServiceRegistration : Updating port to 9085
2022-06-01 04:54:54.728  INFO [Pension-Management-Portal,,] 71753 --- [restartedMain] d.s.w.p.DocumentationPluginsBootstrapper : Context refreshed
2022-06-01 04:54:54.729  INFO [Pension-Management-Portal,,] 71753 --- [restartedMain] d.s.w.p.DocumentationPluginsBootstrapper : Found 1 custom documentation plugin(s)
2022-06-01 04:54:54.733  INFO [Pension-Management-Portal,,] 71753 --- [restartedMain] s.d.s.w.s.ApiListingReferenceScanner     : Scanning for api listing references
2022-06-01 04:54:54.738  INFO [Pension-Management-Portal,,] 71753 --- [DiscoveryClient-InstanceInfoReplicator-0] com.netflix.discovery.DiscoveryClient    : DiscoveryClient_PENSION-MANAGEMENT-PORTAL/192.168.18.10:Pension-Management-Portal:9085 - registration status: 204
2022-06-01 04:54:54.773  INFO [Pension-Management-Portal,,] 71753 --- [restartedMain] c.c.PensionManagementPortalApplication   : Started PensionManagementPortalApplication in 1.521 seconds (JVM running for 175.522)
2022-06-01 04:54:54.775  INFO [Pension-Management-Portal,,] 71753 --- [restartedMain] .ConditionEvaluationDeltaLoggingListener : Condition evaluation unchanged
2022-06-01 04:55:01.063  INFO [Pension-Management-Portal,,] 71753 --- [http-nio-9085-exec-1] o.a.c.c.C.[Tomcat].[localhost].[/]       : Initializing Spring DispatcherServlet 'dispatcherServlet'
2022-06-01 04:55:01.064  INFO [Pension-Management-Portal,,] 71753 --- [http-nio-9085-exec-1] o.s.web.servlet.DispatcherServlet        : Initializing Servlet 'dispatcherServlet'
2022-06-01 04:55:01.065  INFO [Pension-Management-Portal,,] 71753 --- [http-nio-9085-exec-1] o.s.web.servlet.DispatcherServlet        : Completed initialization in 1 ms
2022-06-01 04:55:01.081  INFO [Pension-Management-Portal,5394bc7d94ccb579,5394bc7d94ccb579] 71753 --- [http-nio-9085-exec-1] c.c.controller.PensionController         : STARTED - doLogin
2022-06-01 04:55:01.222  WARN [Pension-Management-Portal,5394bc7d94ccb579,5394bc7d94ccb579] 71753 --- [boundedElastic-1] o.s.c.l.core.RoundRobinLoadBalancer      : No servers available for service: authorizationService
2022-06-01 04:55:01.223  WARN [Pension-Management-Portal,5394bc7d94ccb579,5394bc7d94ccb579] 71753 --- [http-nio-9085-exec-1] .s.c.o.l.FeignBlockingLoadBalancerClient : Load balancer does not contain an instance for the service authorizationService
2022-06-01 04:55:01.227 ERROR [Pension-Management-Portal,5394bc7d94ccb579,5394bc7d94ccb579] 71753 --- [http-nio-9085-exec-1] c.c.controller.PensionController         : EXCEPTION - doLogin
2022-06-01 04:55:01.227  WARN [Pension-Management-Portal,5394bc7d94ccb579,5394bc7d94ccb579] 71753 --- [http-nio-9085-exec-1] .w.s.m.a.ResponseStatusExceptionResolver : Resolved [com.cognizant.exception.ResourceNotFoundException: token can't be generated]
2022-06-01 04:55:13.981  INFO [Pension-Management-Portal,55113fdc3f1a9b25,55113fdc3f1a9b25] 71753 --- [http-nio-9085-exec-2] c.c.controller.PensionController         : STARTED - doLogin
2022-06-01 04:55:13.983  WARN [Pension-Management-Portal,55113fdc3f1a9b25,55113fdc3f1a9b25] 71753 --- [boundedElastic-1] o.s.c.l.core.RoundRobinLoadBalancer      : No servers available for service: authorizationService
2022-06-01 04:55:13.983  WARN [Pension-Management-Portal,55113fdc3f1a9b25,55113fdc3f1a9b25] 71753 --- [http-nio-9085-exec-2] .s.c.o.l.FeignBlockingLoadBalancerClient : Load balancer does not contain an instance for the service authorizationService
2022-06-01 04:55:13.984 ERROR [Pension-Management-Portal,55113fdc3f1a9b25,55113fdc3f1a9b25] 71753 --- [http-nio-9085-exec-2] c.c.controller.PensionController         : EXCEPTION - doLogin
2022-06-01 04:55:13.984  WARN [Pension-Management-Portal,55113fdc3f1a9b25,55113fdc3f1a9b25] 71753 --- [http-nio-9085-exec-2] .w.s.m.a.ResponseStatusExceptionResolver : Resolved [com.cognizant.exception.ResourceNotFoundException: token can't be generated]
2022-06-01 04:59:54.692  INFO [Pension-Management-Portal,,] 71753 --- [AsyncResolver-bootstrap-executor-0] c.n.d.s.r.aws.ConfigClusterResolver      : Resolving eureka endpoints via configuration
2022-06-01 05:00:17.145  INFO [Pension-Management-Portal,,] 71753 --- [Thread-21] o.s.c.n.e.s.EurekaServiceRegistry        : Unregistering application PENSION-MANAGEMENT-PORTAL with eureka with status DOWN
2022-06-01 05:00:17.146  INFO [Pension-Management-Portal,,] 71753 --- [Thread-21] com.netflix.discovery.DiscoveryClient    : Saw local status change event StatusChangeEvent [timestamp=1654039817146, current=DOWN, previous=UP]
2022-06-01 05:00:17.146  INFO [Pension-Management-Portal,,] 71753 --- [DiscoveryClient-InstanceInfoReplicator-0] com.netflix.discovery.DiscoveryClient    : DiscoveryClient_PENSION-MANAGEMENT-PORTAL/192.168.18.10:Pension-Management-Portal:9085: registering service...
2022-06-01 05:00:17.153  INFO [Pension-Management-Portal,,] 71753 --- [DiscoveryClient-InstanceInfoReplicator-0] com.netflix.discovery.DiscoveryClient    : DiscoveryClient_PENSION-MANAGEMENT-PORTAL/192.168.18.10:Pension-Management-Portal:9085 - registration status: 204
2022-06-01 05:00:17.170  INFO [Pension-Management-Portal,,] 71753 --- [Thread-21] j.LocalContainerEntityManagerFactoryBean : Closing JPA EntityManagerFactory for persistence unit 'default'
2022-06-01 05:00:17.170  INFO [Pension-Management-Portal,,] 71753 --- [Thread-21] .SchemaDropperImpl$DelayedDropActionImpl : HHH000477: Starting delayed evictData of schema as part of SessionFactory shut-down'
2022-06-01 05:00:17.375  WARN [Pension-Management-Portal,,] 71753 --- [Thread-21] o.s.b.f.support.DisposableBeanAdapter    : Invocation of destroy method failed on bean with name 'inMemoryDatabaseShutdownExecutor': org.h2.jdbc.JdbcSQLNonTransientConnectionException: Database is already closed (to disable automatic closing at VM shutdown, add ";DB_CLOSE_ON_EXIT=FALSE" to the db URL) [90121-200]
2022-06-01 05:00:17.375  INFO [Pension-Management-Portal,,] 71753 --- [Thread-21] com.zaxxer.hikari.HikariDataSource       : HikariPool-4 - Shutdown initiated...
2022-06-01 05:00:17.378  INFO [Pension-Management-Portal,,] 71753 --- [Thread-21] com.zaxxer.hikari.HikariDataSource       : HikariPool-4 - Shutdown completed.
2022-06-01 05:00:17.378  INFO [Pension-Management-Portal,,] 71753 --- [Thread-21] com.netflix.discovery.DiscoveryClient    : Shutting down DiscoveryClient ...
2022-06-01 05:00:20.380  INFO [Pension-Management-Portal,,] 71753 --- [Thread-21] com.netflix.discovery.DiscoveryClient    : Unregistering ...
2022-06-01 05:00:20.385  INFO [Pension-Management-Portal,,] 71753 --- [Thread-21] com.netflix.discovery.DiscoveryClient    : DiscoveryClient_PENSION-MANAGEMENT-PORTAL/192.168.18.10:Pension-Management-Portal:9085 - deregister  status: 200
2022-06-01 05:00:20.387  INFO [Pension-Management-Portal,,] 71753 --- [Thread-21] com.netflix.discovery.DiscoveryClient    : Completed shut down of DiscoveryClient
2022-06-01 05:00:20.870  INFO [Pension-Management-Portal,,] 71753 --- [restartedMain] c.c.PensionManagementPortalApplication   : Starting PensionManagementPortalApplication using Java 1.8.0_301 on intuitdepfceb5 with PID 71753 (/Users/bshree/git/personal/pms-finalworking/Pension-Management-portall/target/classes started by bshree in /Users/bshree/git/personal/pms-finalworking/Pension-Management-portall)
2022-06-01 05:00:20.870  INFO [Pension-Management-Portal,,] 71753 --- [restartedMain] c.c.PensionManagementPortalApplication   : No active profile set, falling back to default profiles: default
2022-06-01 05:00:21.193  INFO [Pension-Management-Portal,,] 71753 --- [restartedMain] .s.d.r.c.RepositoryConfigurationDelegate : Bootstrapping Spring Data JPA repositories in DEFAULT mode.
2022-06-01 05:00:21.196  INFO [Pension-Management-Portal,,] 71753 --- [restartedMain] .s.d.r.c.RepositoryConfigurationDelegate : Finished Spring Data repository scanning in 2 ms. Found 0 JPA repository interfaces.
2022-06-01 05:00:21.279  INFO [Pension-Management-Portal,,] 71753 --- [restartedMain] o.s.cloud.context.scope.GenericScope     : BeanFactory id=30d0b15a-ef6d-3e7e-adee-f9edaf980148
2022-06-01 05:00:21.425  INFO [Pension-Management-Portal,,] 71753 --- [restartedMain] o.s.b.w.embedded.tomcat.TomcatWebServer  : Tomcat initialized with port(s): 9085 (http)
2022-06-01 05:00:21.426  INFO [Pension-Management-Portal,,] 71753 --- [restartedMain] o.apache.catalina.core.StandardService   : Starting service [Tomcat]
2022-06-01 05:00:21.426  INFO [Pension-Management-Portal,,] 71753 --- [restartedMain] org.apache.catalina.core.StandardEngine  : Starting Servlet engine: [Apache Tomcat/9.0.50]
2022-06-01 05:00:21.438  INFO [Pension-Management-Portal,,] 71753 --- [restartedMain] o.a.c.c.C.[Tomcat].[localhost].[/]       : Initializing Spring embedded WebApplicationContext
2022-06-01 05:00:21.438  INFO [Pension-Management-Portal,,] 71753 --- [restartedMain] w.s.c.ServletWebServerApplicationContext : Root WebApplicationContext: initialization completed in 566 ms
2022-06-01 05:00:21.466  INFO [Pension-Management-Portal,,] 71753 --- [restartedMain] com.zaxxer.hikari.HikariDataSource       : HikariPool-5 - Starting...
2022-06-01 05:00:21.469  INFO [Pension-Management-Portal,,] 71753 --- [restartedMain] com.zaxxer.hikari.HikariDataSource       : HikariPool-5 - Start completed.
2022-06-01 05:00:21.469  INFO [Pension-Management-Portal,,] 71753 --- [restartedMain] o.s.b.a.h2.H2ConsoleAutoConfiguration    : H2 console available at '/h2-console'. Database available at 'jdbc:h2:mem:3590e6d8-33f6-497d-a405-636d37699ead'
2022-06-01 05:00:21.587  INFO [Pension-Management-Portal,,] 71753 --- [restartedMain] o.hibernate.jpa.internal.util.LogHelper  : HHH000204: Processing PersistenceUnitInfo [name: default]
2022-06-01 05:00:21.592  INFO [Pension-Management-Portal,,] 71753 --- [restartedMain] org.hibernate.dialect.Dialect            : HHH000400: Using dialect: org.hibernate.dialect.H2Dialect
2022-06-01 05:00:21.605  INFO [Pension-Management-Portal,,] 71753 --- [restartedMain] o.h.e.t.j.p.i.JtaPlatformInitiator       : HHH000490: Using JtaPlatform implementation: [org.hibernate.engine.transaction.jta.platform.internal.NoJtaPlatform]
2022-06-01 05:00:21.605  INFO [Pension-Management-Portal,,] 71753 --- [restartedMain] j.LocalContainerEntityManagerFactoryBean : Initialized JPA EntityManagerFactory for persistence unit 'default'
2022-06-01 05:00:21.622  WARN [Pension-Management-Portal,,] 71753 --- [restartedMain] o.s.b.d.a.OptionalLiveReloadServer       : Unable to start LiveReload server
2022-06-01 05:00:21.690  WARN [Pension-Management-Portal,,] 71753 --- [restartedMain] JpaBaseConfiguration$JpaWebConfiguration : spring.jpa.open-in-view is enabled by default. Therefore, database queries may be performed during view rendering. Explicitly configure spring.jpa.open-in-view to disable this warning
2022-06-01 05:00:21.731  WARN [Pension-Management-Portal,,] 71753 --- [restartedMain] o.s.c.openfeign.FeignClientFactoryBean   : The provided URL is empty. Will try picking an instance via load-balancing.
2022-06-01 05:00:21.762  WARN [Pension-Management-Portal,,] 71753 --- [restartedMain] o.s.c.openfeign.FeignClientFactoryBean   : The provided URL is empty. Will try picking an instance via load-balancing.
2022-06-01 05:00:21.779  WARN [Pension-Management-Portal,,] 71753 --- [restartedMain] o.s.c.openfeign.FeignClientFactoryBean   : The provided URL is empty. Will try picking an instance via load-balancing.
2022-06-01 05:00:22.276  INFO [Pension-Management-Portal,,] 71753 --- [restartedMain] DiscoveryClientOptionalArgsConfiguration : Eureka HTTP Client uses RestTemplate.
2022-06-01 05:00:22.383  WARN [Pension-Management-Portal,,] 71753 --- [restartedMain] iguration$LoadBalancerCaffeineWarnLogger : Spring Cloud LoadBalancer is currently working with the default cache. You can switch to using Caffeine cache, by adding it and org.springframework.cache.caffeine.CaffeineCacheManager to the classpath.
2022-06-01 05:00:22.429  INFO [Pension-Management-Portal,,] 71753 --- [restartedMain] o.s.c.n.eureka.InstanceInfoFactory       : Setting initial instance status as: STARTING
2022-06-01 05:00:22.433  INFO [Pension-Management-Portal,,] 71753 --- [restartedMain] com.netflix.discovery.DiscoveryClient    : Initializing Eureka in region us-east-1
2022-06-01 05:00:22.433  INFO [Pension-Management-Portal,,] 71753 --- [restartedMain] c.n.d.s.r.aws.ConfigClusterResolver      : Resolving eureka endpoints via configuration
2022-06-01 05:00:22.434  INFO [Pension-Management-Portal,,] 71753 --- [restartedMain] com.netflix.discovery.DiscoveryClient    : Disable delta property : false
2022-06-01 05:00:22.434  INFO [Pension-Management-Portal,,] 71753 --- [restartedMain] com.netflix.discovery.DiscoveryClient    : Single vip registry refresh property : null
2022-06-01 05:00:22.434  INFO [Pension-Management-Portal,,] 71753 --- [restartedMain] com.netflix.discovery.DiscoveryClient    : Force full registry fetch : false
2022-06-01 05:00:22.434  INFO [Pension-Management-Portal,,] 71753 --- [restartedMain] com.netflix.discovery.DiscoveryClient    : Application is null : false
2022-06-01 05:00:22.434  INFO [Pension-Management-Portal,,] 71753 --- [restartedMain] com.netflix.discovery.DiscoveryClient    : Registered Applications size is zero : true
2022-06-01 05:00:22.434  INFO [Pension-Management-Portal,,] 71753 --- [restartedMain] com.netflix.discovery.DiscoveryClient    : Application version is -1: true
2022-06-01 05:00:22.434  INFO [Pension-Management-Portal,,] 71753 --- [restartedMain] com.netflix.discovery.DiscoveryClient    : Getting all instance registry info from the eureka server
2022-06-01 05:00:22.458  INFO [Pension-Management-Portal,,] 71753 --- [restartedMain] com.netflix.discovery.DiscoveryClient    : The response status is 200
2022-06-01 05:00:22.460  INFO [Pension-Management-Portal,,] 71753 --- [restartedMain] com.netflix.discovery.DiscoveryClient    : Starting heartbeat executor: renew interval is: 30
2022-06-01 05:00:22.461  INFO [Pension-Management-Portal,,] 71753 --- [restartedMain] c.n.discovery.InstanceInfoReplicator     : InstanceInfoReplicator onDemand update allowed rate per min is 4
2022-06-01 05:00:22.462  INFO [Pension-Management-Portal,,] 71753 --- [restartedMain] com.netflix.discovery.DiscoveryClient    : Discovery Client initialized at timestamp 1654039822462 with initial instances count: 4
2022-06-01 05:00:22.471  INFO [Pension-Management-Portal,,] 71753 --- [restartedMain] o.s.c.n.e.s.EurekaServiceRegistry        : Registering application PENSION-MANAGEMENT-PORTAL with eureka with status UP
2022-06-01 05:00:22.471  INFO [Pension-Management-Portal,,] 71753 --- [restartedMain] com.netflix.discovery.DiscoveryClient    : Saw local status change event StatusChangeEvent [timestamp=1654039822471, current=UP, previous=STARTING]
2022-06-01 05:00:22.471  INFO [Pension-Management-Portal,,] 71753 --- [DiscoveryClient-InstanceInfoReplicator-0] com.netflix.discovery.DiscoveryClient    : DiscoveryClient_PENSION-MANAGEMENT-PORTAL/192.168.18.10:Pension-Management-Portal:9085: registering service...
2022-06-01 05:00:22.475  INFO [Pension-Management-Portal,,] 71753 --- [restartedMain] o.s.b.w.embedded.tomcat.TomcatWebServer  : Tomcat started on port(s): 9085 (http) with context path ''
2022-06-01 05:00:22.475  INFO [Pension-Management-Portal,,] 71753 --- [restartedMain] .s.c.n.e.s.EurekaAutoServiceRegistration : Updating port to 9085
2022-06-01 05:00:22.478  INFO [Pension-Management-Portal,,] 71753 --- [restartedMain] d.s.w.p.DocumentationPluginsBootstrapper : Context refreshed
2022-06-01 05:00:22.479  INFO [Pension-Management-Portal,,] 71753 --- [restartedMain] d.s.w.p.DocumentationPluginsBootstrapper : Found 1 custom documentation plugin(s)
2022-06-01 05:00:22.484  INFO [Pension-Management-Portal,,] 71753 --- [restartedMain] s.d.s.w.s.ApiListingReferenceScanner     : Scanning for api listing references
2022-06-01 05:00:22.489  INFO [Pension-Management-Portal,,] 71753 --- [DiscoveryClient-InstanceInfoReplicator-0] com.netflix.discovery.DiscoveryClient    : DiscoveryClient_PENSION-MANAGEMENT-PORTAL/192.168.18.10:Pension-Management-Portal:9085 - registration status: 204
2022-06-01 05:00:22.527  INFO [Pension-Management-Portal,,] 71753 --- [restartedMain] c.c.PensionManagementPortalApplication   : Started PensionManagementPortalApplication in 1.694 seconds (JVM running for 503.268)
2022-06-01 05:00:22.529  INFO [Pension-Management-Portal,,] 71753 --- [restartedMain] .ConditionEvaluationDeltaLoggingListener : Condition evaluation unchanged
2022-06-01 05:00:30.756  INFO [Pension-Management-Portal,,] 71753 --- [http-nio-9085-exec-1] o.a.c.c.C.[Tomcat].[localhost].[/]       : Initializing Spring DispatcherServlet 'dispatcherServlet'
2022-06-01 05:00:30.756  INFO [Pension-Management-Portal,,] 71753 --- [http-nio-9085-exec-1] o.s.web.servlet.DispatcherServlet        : Initializing Servlet 'dispatcherServlet'
2022-06-01 05:00:30.757  INFO [Pension-Management-Portal,,] 71753 --- [http-nio-9085-exec-1] o.s.web.servlet.DispatcherServlet        : Completed initialization in 1 ms
2022-06-01 05:00:30.772  INFO [Pension-Management-Portal,34eb6d170c5c24b9,34eb6d170c5c24b9] 71753 --- [http-nio-9085-exec-1] c.c.controller.PensionController         : STARTED - doLogin
2022-06-01 05:00:31.612  INFO [Pension-Management-Portal,34eb6d170c5c24b9,34eb6d170c5c24b9] 71753 --- [http-nio-9085-exec-1] c.c.controller.PensionController         : END - doLogin
2022-06-01 05:01:32.102  INFO [Pension-Management-Portal,,] 71753 --- [Thread-27] o.s.c.n.e.s.EurekaServiceRegistry        : Unregistering application PENSION-MANAGEMENT-PORTAL with eureka with status DOWN
2022-06-01 05:01:32.102  INFO [Pension-Management-Portal,,] 71753 --- [Thread-27] com.netflix.discovery.DiscoveryClient    : Saw local status change event StatusChangeEvent [timestamp=1654039892102, current=DOWN, previous=UP]
2022-06-01 05:01:32.103  INFO [Pension-Management-Portal,,] 71753 --- [DiscoveryClient-InstanceInfoReplicator-0] com.netflix.discovery.DiscoveryClient    : DiscoveryClient_PENSION-MANAGEMENT-PORTAL/192.168.18.10:Pension-Management-Portal:9085: registering service...
2022-06-01 05:01:32.108  INFO [Pension-Management-Portal,,] 71753 --- [DiscoveryClient-InstanceInfoReplicator-0] com.netflix.discovery.DiscoveryClient    : DiscoveryClient_PENSION-MANAGEMENT-PORTAL/192.168.18.10:Pension-Management-Portal:9085 - registration status: 204
2022-06-01 05:01:32.121  INFO [Pension-Management-Portal,,] 71753 --- [Thread-27] j.LocalContainerEntityManagerFactoryBean : Closing JPA EntityManagerFactory for persistence unit 'default'
2022-06-01 05:01:32.121  INFO [Pension-Management-Portal,,] 71753 --- [Thread-27] .SchemaDropperImpl$DelayedDropActionImpl : HHH000477: Starting delayed evictData of schema as part of SessionFactory shut-down'
2022-06-01 05:01:32.323  WARN [Pension-Management-Portal,,] 71753 --- [Thread-27] o.s.b.f.support.DisposableBeanAdapter    : Invocation of destroy method failed on bean with name 'inMemoryDatabaseShutdownExecutor': org.h2.jdbc.JdbcSQLNonTransientConnectionException: Database is already closed (to disable automatic closing at VM shutdown, add ";DB_CLOSE_ON_EXIT=FALSE" to the db URL) [90121-200]
2022-06-01 05:01:32.324  INFO [Pension-Management-Portal,,] 71753 --- [Thread-27] com.zaxxer.hikari.HikariDataSource       : HikariPool-5 - Shutdown initiated...
2022-06-01 05:01:32.326  INFO [Pension-Management-Portal,,] 71753 --- [Thread-27] com.zaxxer.hikari.HikariDataSource       : HikariPool-5 - Shutdown completed.
2022-06-01 05:01:32.327  INFO [Pension-Management-Portal,,] 71753 --- [Thread-27] com.netflix.discovery.DiscoveryClient    : Shutting down DiscoveryClient ...
2022-06-01 05:01:35.328  INFO [Pension-Management-Portal,,] 71753 --- [Thread-27] com.netflix.discovery.DiscoveryClient    : Unregistering ...
2022-06-01 05:01:35.332  INFO [Pension-Management-Portal,,] 71753 --- [Thread-27] com.netflix.discovery.DiscoveryClient    : DiscoveryClient_PENSION-MANAGEMENT-PORTAL/192.168.18.10:Pension-Management-Portal:9085 - deregister  status: 200
2022-06-01 05:01:35.334  INFO [Pension-Management-Portal,,] 71753 --- [Thread-27] com.netflix.discovery.DiscoveryClient    : Completed shut down of DiscoveryClient
2022-06-01 05:01:35.709  INFO [Pension-Management-Portal,,] 71753 --- [restartedMain] c.c.PensionManagementPortalApplication   : Starting PensionManagementPortalApplication using Java 1.8.0_301 on intuitdepfceb5 with PID 71753 (/Users/bshree/git/personal/pms-finalworking/Pension-Management-portall/target/classes started by bshree in /Users/bshree/git/personal/pms-finalworking/Pension-Management-portall)
2022-06-01 05:01:35.709  INFO [Pension-Management-Portal,,] 71753 --- [restartedMain] c.c.PensionManagementPortalApplication   : No active profile set, falling back to default profiles: default
2022-06-01 05:01:35.900  INFO [Pension-Management-Portal,,] 71753 --- [restartedMain] .s.d.r.c.RepositoryConfigurationDelegate : Bootstrapping Spring Data JPA repositories in DEFAULT mode.
2022-06-01 05:01:35.902  INFO [Pension-Management-Portal,,] 71753 --- [restartedMain] .s.d.r.c.RepositoryConfigurationDelegate : Finished Spring Data repository scanning in 1 ms. Found 0 JPA repository interfaces.
2022-06-01 05:01:35.954  INFO [Pension-Management-Portal,,] 71753 --- [restartedMain] o.s.cloud.context.scope.GenericScope     : BeanFactory id=74971f4f-4c06-3311-9549-758d011c07c9
2022-06-01 05:01:36.055  INFO [Pension-Management-Portal,,] 71753 --- [restartedMain] o.s.b.w.embedded.tomcat.TomcatWebServer  : Tomcat initialized with port(s): 9085 (http)
2022-06-01 05:01:36.055  INFO [Pension-Management-Portal,,] 71753 --- [restartedMain] o.apache.catalina.core.StandardService   : Starting service [Tomcat]
2022-06-01 05:01:36.055  INFO [Pension-Management-Portal,,] 71753 --- [restartedMain] org.apache.catalina.core.StandardEngine  : Starting Servlet engine: [Apache Tomcat/9.0.50]
2022-06-01 05:01:36.062  INFO [Pension-Management-Portal,,] 71753 --- [restartedMain] o.a.c.c.C.[Tomcat].[localhost].[/]       : Initializing Spring embedded WebApplicationContext
2022-06-01 05:01:36.062  INFO [Pension-Management-Portal,,] 71753 --- [restartedMain] w.s.c.ServletWebServerApplicationContext : Root WebApplicationContext: initialization completed in 351 ms
2022-06-01 05:01:36.078  INFO [Pension-Management-Portal,,] 71753 --- [restartedMain] com.zaxxer.hikari.HikariDataSource       : HikariPool-6 - Starting...
2022-06-01 05:01:36.079  INFO [Pension-Management-Portal,,] 71753 --- [restartedMain] com.zaxxer.hikari.HikariDataSource       : HikariPool-6 - Start completed.
2022-06-01 05:01:36.080  INFO [Pension-Management-Portal,,] 71753 --- [restartedMain] o.s.b.a.h2.H2ConsoleAutoConfiguration    : H2 console available at '/h2-console'. Database available at 'jdbc:h2:mem:05d4a1e3-ea23-4db3-be89-1629cd6f1728'
2022-06-01 05:01:36.155  INFO [Pension-Management-Portal,,] 71753 --- [restartedMain] o.hibernate.jpa.internal.util.LogHelper  : HHH000204: Processing PersistenceUnitInfo [name: default]
2022-06-01 05:01:36.159  INFO [Pension-Management-Portal,,] 71753 --- [restartedMain] org.hibernate.dialect.Dialect            : HHH000400: Using dialect: org.hibernate.dialect.H2Dialect
2022-06-01 05:01:36.167  INFO [Pension-Management-Portal,,] 71753 --- [restartedMain] o.h.e.t.j.p.i.JtaPlatformInitiator       : HHH000490: Using JtaPlatform implementation: [org.hibernate.engine.transaction.jta.platform.internal.NoJtaPlatform]
2022-06-01 05:01:36.167  INFO [Pension-Management-Portal,,] 71753 --- [restartedMain] j.LocalContainerEntityManagerFactoryBean : Initialized JPA EntityManagerFactory for persistence unit 'default'
2022-06-01 05:01:36.178  WARN [Pension-Management-Portal,,] 71753 --- [restartedMain] o.s.b.d.a.OptionalLiveReloadServer       : Unable to start LiveReload server
2022-06-01 05:01:36.222  WARN [Pension-Management-Portal,,] 71753 --- [restartedMain] JpaBaseConfiguration$JpaWebConfiguration : spring.jpa.open-in-view is enabled by default. Therefore, database queries may be performed during view rendering. Explicitly configure spring.jpa.open-in-view to disable this warning
2022-06-01 05:01:36.246  WARN [Pension-Management-Portal,,] 71753 --- [restartedMain] o.s.c.openfeign.FeignClientFactoryBean   : The provided URL is empty. Will try picking an instance via load-balancing.
2022-06-01 05:01:36.268  WARN [Pension-Management-Portal,,] 71753 --- [restartedMain] o.s.c.openfeign.FeignClientFactoryBean   : The provided URL is empty. Will try picking an instance via load-balancing.
2022-06-01 05:01:36.280  WARN [Pension-Management-Portal,,] 71753 --- [restartedMain] o.s.c.openfeign.FeignClientFactoryBean   : The provided URL is empty. Will try picking an instance via load-balancing.
2022-06-01 05:01:36.573  INFO [Pension-Management-Portal,,] 71753 --- [restartedMain] DiscoveryClientOptionalArgsConfiguration : Eureka HTTP Client uses RestTemplate.
2022-06-01 05:01:36.628  WARN [Pension-Management-Portal,,] 71753 --- [restartedMain] iguration$LoadBalancerCaffeineWarnLogger : Spring Cloud LoadBalancer is currently working with the default cache. You can switch to using Caffeine cache, by adding it and org.springframework.cache.caffeine.CaffeineCacheManager to the classpath.
2022-06-01 05:01:36.654  INFO [Pension-Management-Portal,,] 71753 --- [restartedMain] o.s.c.n.eureka.InstanceInfoFactory       : Setting initial instance status as: STARTING
2022-06-01 05:01:36.656  INFO [Pension-Management-Portal,,] 71753 --- [restartedMain] com.netflix.discovery.DiscoveryClient    : Initializing Eureka in region us-east-1
2022-06-01 05:01:36.656  INFO [Pension-Management-Portal,,] 71753 --- [restartedMain] c.n.d.s.r.aws.ConfigClusterResolver      : Resolving eureka endpoints via configuration
2022-06-01 05:01:36.657  INFO [Pension-Management-Portal,,] 71753 --- [restartedMain] com.netflix.discovery.DiscoveryClient    : Disable delta property : false
2022-06-01 05:01:36.657  INFO [Pension-Management-Portal,,] 71753 --- [restartedMain] com.netflix.discovery.DiscoveryClient    : Single vip registry refresh property : null
2022-06-01 05:01:36.657  INFO [Pension-Management-Portal,,] 71753 --- [restartedMain] com.netflix.discovery.DiscoveryClient    : Force full registry fetch : false
2022-06-01 05:01:36.657  INFO [Pension-Management-Portal,,] 71753 --- [restartedMain] com.netflix.discovery.DiscoveryClient    : Application is null : false
2022-06-01 05:01:36.657  INFO [Pension-Management-Portal,,] 71753 --- [restartedMain] com.netflix.discovery.DiscoveryClient    : Registered Applications size is zero : true
2022-06-01 05:01:36.657  INFO [Pension-Management-Portal,,] 71753 --- [restartedMain] com.netflix.discovery.DiscoveryClient    : Application version is -1: true
2022-06-01 05:01:36.657  INFO [Pension-Management-Portal,,] 71753 --- [restartedMain] com.netflix.discovery.DiscoveryClient    : Getting all instance registry info from the eureka server
2022-06-01 05:01:36.673  INFO [Pension-Management-Portal,,] 71753 --- [restartedMain] com.netflix.discovery.DiscoveryClient    : The response status is 200
2022-06-01 05:01:36.674  INFO [Pension-Management-Portal,,] 71753 --- [restartedMain] com.netflix.discovery.DiscoveryClient    : Starting heartbeat executor: renew interval is: 30
2022-06-01 05:01:36.675  INFO [Pension-Management-Portal,,] 71753 --- [restartedMain] c.n.discovery.InstanceInfoReplicator     : InstanceInfoReplicator onDemand update allowed rate per min is 4
2022-06-01 05:01:36.675  INFO [Pension-Management-Portal,,] 71753 --- [restartedMain] com.netflix.discovery.DiscoveryClient    : Discovery Client initialized at timestamp 1654039896675 with initial instances count: 4
2022-06-01 05:01:36.681  INFO [Pension-Management-Portal,,] 71753 --- [restartedMain] o.s.c.n.e.s.EurekaServiceRegistry        : Registering application PENSION-MANAGEMENT-PORTAL with eureka with status UP
2022-06-01 05:01:36.681  INFO [Pension-Management-Portal,,] 71753 --- [restartedMain] com.netflix.discovery.DiscoveryClient    : Saw local status change event StatusChangeEvent [timestamp=1654039896681, current=UP, previous=STARTING]
2022-06-01 05:01:36.682  INFO [Pension-Management-Portal,,] 71753 --- [DiscoveryClient-InstanceInfoReplicator-0] com.netflix.discovery.DiscoveryClient    : DiscoveryClient_PENSION-MANAGEMENT-PORTAL/192.168.18.10:Pension-Management-Portal:9085: registering service...
2022-06-01 05:01:36.684  INFO [Pension-Management-Portal,,] 71753 --- [restartedMain] o.s.b.w.embedded.tomcat.TomcatWebServer  : Tomcat started on port(s): 9085 (http) with context path ''
2022-06-01 05:01:36.685  INFO [Pension-Management-Portal,,] 71753 --- [restartedMain] .s.c.n.e.s.EurekaAutoServiceRegistration : Updating port to 9085
2022-06-01 05:01:36.687  INFO [Pension-Management-Portal,,] 71753 --- [restartedMain] d.s.w.p.DocumentationPluginsBootstrapper : Context refreshed
2022-06-01 05:01:36.688  INFO [Pension-Management-Portal,,] 71753 --- [restartedMain] d.s.w.p.DocumentationPluginsBootstrapper : Found 1 custom documentation plugin(s)
2022-06-01 05:01:36.691  INFO [Pension-Management-Portal,,] 71753 --- [restartedMain] s.d.s.w.s.ApiListingReferenceScanner     : Scanning for api listing references
2022-06-01 05:01:36.693  INFO [Pension-Management-Portal,,] 71753 --- [DiscoveryClient-InstanceInfoReplicator-0] com.netflix.discovery.DiscoveryClient    : DiscoveryClient_PENSION-MANAGEMENT-PORTAL/192.168.18.10:Pension-Management-Portal:9085 - registration status: 204
2022-06-01 05:01:36.717  INFO [Pension-Management-Portal,,] 71753 --- [restartedMain] c.c.PensionManagementPortalApplication   : Started PensionManagementPortalApplication in 1.219 seconds (JVM running for 577.457)
2022-06-01 05:01:36.718  INFO [Pension-Management-Portal,,] 71753 --- [restartedMain] .ConditionEvaluationDeltaLoggingListener : Condition evaluation unchanged
2022-06-01 05:02:42.369  INFO [Pension-Management-Portal,,] 71753 --- [http-nio-9085-exec-1] o.a.c.c.C.[Tomcat].[localhost].[/]       : Initializing Spring DispatcherServlet 'dispatcherServlet'
2022-06-01 05:02:42.370  INFO [Pension-Management-Portal,,] 71753 --- [http-nio-9085-exec-1] o.s.web.servlet.DispatcherServlet        : Initializing Servlet 'dispatcherServlet'
2022-06-01 05:02:42.371  INFO [Pension-Management-Portal,,] 71753 --- [http-nio-9085-exec-1] o.s.web.servlet.DispatcherServlet        : Completed initialization in 1 ms
2022-06-01 05:02:42.381  INFO [Pension-Management-Portal,37f8a0be963db39e,37f8a0be963db39e] 71753 --- [http-nio-9085-exec-1] c.c.controller.PensionController         : STARTED - doLogin
2022-06-01 05:02:42.414  INFO [Pension-Management-Portal,37f8a0be963db39e,37f8a0be963db39e] 71753 --- [http-nio-9085-exec-1] c.c.controller.PensionController         : END - doLogin
2022-06-01 05:04:07.200  INFO [Pension-Management-Portal,b61f8b772f25f757,b61f8b772f25f757] 71753 --- [http-nio-9085-exec-3] c.c.controller.PensionController         : STARTED - getPensionDetail
2022-06-01 05:04:08.572 ERROR [Pension-Management-Portal,,] 71753 --- [http-nio-9085-exec-3] o.a.c.c.C.[.[.[/].[dispatcherServlet]    : Servlet.service() for servlet [dispatcherServlet] in context with path [] threw exception [Request processing failed; nested exception is feign.FeignException$NotFound: [404] during [POST] to [http://Process-Pension-Service/pensionerInput] [ProcessPensionClient#getPensionDetail(String,PensionerInput)]: [{"message":"Pensioner Detail not coreect","statusCode":404,"exceptionTime":1654040048555}]] with root cause

feign.FeignException$NotFound: [404] during [POST] to [http://Process-Pension-Service/pensionerInput] [ProcessPensionClient#getPensionDetail(String,PensionerInput)]: [{"message":"Pensioner Detail not coreect","statusCode":404,"exceptionTime":1654040048555}]
	at feign.FeignException.clientErrorStatus(FeignException.java:201) ~[feign-core-10.12.jar:na]
	at feign.FeignException.errorStatus(FeignException.java:177) ~[feign-core-10.12.jar:na]
	at feign.FeignException.errorStatus(FeignException.java:169) ~[feign-core-10.12.jar:na]
	at feign.codec.ErrorDecoder$Default.decode(ErrorDecoder.java:92) ~[feign-core-10.12.jar:na]
	at feign.AsyncResponseHandler.handleResponse(AsyncResponseHandler.java:96) ~[feign-core-10.12.jar:na]
	at feign.SynchronousMethodHandler.executeAndDecode(SynchronousMethodHandler.java:138) ~[feign-core-10.12.jar:na]
	at feign.SynchronousMethodHandler.invoke(SynchronousMethodHandler.java:89) ~[feign-core-10.12.jar:na]
	at feign.ReflectiveFeign$FeignInvocationHandler.invoke(ReflectiveFeign.java:100) ~[feign-core-10.12.jar:na]
	at com.sun.proxy.$Proxy220.getPensionDetail(Unknown Source) ~[na:na]
	at com.cognizant.controller.PensionController.getPensionDetail(PensionController.java:104) ~[classes/:na]
	at sun.reflect.NativeMethodAccessorImpl.invoke0(Native Method) ~[na:1.8.0_301]
	at sun.reflect.NativeMethodAccessorImpl.invoke(NativeMethodAccessorImpl.java:62) ~[na:1.8.0_301]
	at sun.reflect.DelegatingMethodAccessorImpl.invoke(DelegatingMethodAccessorImpl.java:43) ~[na:1.8.0_301]
	at java.lang.reflect.Method.invoke(Method.java:498) ~[na:1.8.0_301]
	at org.springframework.web.method.support.InvocableHandlerMethod.doInvoke(InvocableHandlerMethod.java:197) ~[spring-web-5.3.9.jar:5.3.9]
	at org.springframework.web.method.support.InvocableHandlerMethod.invokeForRequest(InvocableHandlerMethod.java:141) ~[spring-web-5.3.9.jar:5.3.9]
	at org.springframework.web.servlet.mvc.method.annotation.ServletInvocableHandlerMethod.invokeAndHandle(ServletInvocableHandlerMethod.java:106) ~[spring-webmvc-5.3.9.jar:5.3.9]
	at org.springframework.web.servlet.mvc.method.annotation.RequestMappingHandlerAdapter.invokeHandlerMethod(RequestMappingHandlerAdapter.java:895) ~[spring-webmvc-5.3.9.jar:5.3.9]
	at org.springframework.web.servlet.mvc.method.annotation.RequestMappingHandlerAdapter.handleInternal(RequestMappingHandlerAdapter.java:808) ~[spring-webmvc-5.3.9.jar:5.3.9]
	at org.springframework.web.servlet.mvc.method.AbstractHandlerMethodAdapter.handle(AbstractHandlerMethodAdapter.java:87) ~[spring-webmvc-5.3.9.jar:5.3.9]
	at org.springframework.web.servlet.DispatcherServlet.doDispatch(DispatcherServlet.java:1064) ~[spring-webmvc-5.3.9.jar:5.3.9]
	at org.springframework.web.servlet.DispatcherServlet.doService(DispatcherServlet.java:963) ~[spring-webmvc-5.3.9.jar:5.3.9]
	at org.springframework.web.servlet.FrameworkServlet.processRequest(FrameworkServlet.java:1006) ~[spring-webmvc-5.3.9.jar:5.3.9]
	at org.springframework.web.servlet.FrameworkServlet.doPost(FrameworkServlet.java:909) ~[spring-webmvc-5.3.9.jar:5.3.9]
	at javax.servlet.http.HttpServlet.service(HttpServlet.java:681) ~[tomcat-embed-core-9.0.50.jar:4.0.FR]
	at org.springframework.web.servlet.FrameworkServlet.service(FrameworkServlet.java:883) ~[spring-webmvc-5.3.9.jar:5.3.9]
	at javax.servlet.http.HttpServlet.service(HttpServlet.java:764) ~[tomcat-embed-core-9.0.50.jar:4.0.FR]
	at org.apache.catalina.core.ApplicationFilterChain.internalDoFilter(ApplicationFilterChain.java:228) ~[tomcat-embed-core-9.0.50.jar:9.0.50]
	at org.apache.catalina.core.ApplicationFilterChain.doFilter(ApplicationFilterChain.java:163) ~[tomcat-embed-core-9.0.50.jar:9.0.50]
	at org.apache.tomcat.websocket.server.WsFilter.doFilter(WsFilter.java:53) ~[tomcat-embed-websocket-9.0.50.jar:9.0.50]
	at org.apache.catalina.core.ApplicationFilterChain.internalDoFilter(ApplicationFilterChain.java:190) ~[tomcat-embed-core-9.0.50.jar:9.0.50]
	at org.apache.catalina.core.ApplicationFilterChain.doFilter(ApplicationFilterChain.java:163) ~[tomcat-embed-core-9.0.50.jar:9.0.50]
	at org.springframework.web.filter.RequestContextFilter.doFilterInternal(RequestContextFilter.java:100) ~[spring-web-5.3.9.jar:5.3.9]
	at org.springframework.web.filter.OncePerRequestFilter.doFilter(OncePerRequestFilter.java:119) ~[spring-web-5.3.9.jar:5.3.9]
	at org.apache.catalina.core.ApplicationFilterChain.internalDoFilter(ApplicationFilterChain.java:190) ~[tomcat-embed-core-9.0.50.jar:9.0.50]
	at org.apache.catalina.core.ApplicationFilterChain.doFilter(ApplicationFilterChain.java:163) ~[tomcat-embed-core-9.0.50.jar:9.0.50]
	at org.springframework.web.filter.FormContentFilter.doFilterInternal(FormContentFilter.java:93) ~[spring-web-5.3.9.jar:5.3.9]
	at org.springframework.web.filter.OncePerRequestFilter.doFilter(OncePerRequestFilter.java:119) ~[spring-web-5.3.9.jar:5.3.9]
	at org.apache.catalina.core.ApplicationFilterChain.internalDoFilter(ApplicationFilterChain.java:190) ~[tomcat-embed-core-9.0.50.jar:9.0.50]
	at org.apache.catalina.core.ApplicationFilterChain.doFilter(ApplicationFilterChain.java:163) ~[tomcat-embed-core-9.0.50.jar:9.0.50]
	at org.springframework.cloud.sleuth.instrument.web.servlet.TracingFilter.doFilter(TracingFilter.java:89) ~[spring-cloud-sleuth-instrumentation-3.0.3.jar:3.0.3]
	at org.springframework.cloud.sleuth.autoconfig.instrument.web.LazyTracingFilter.doFilter(TraceWebServletConfiguration.java:114) ~[spring-cloud-sleuth-autoconfigure-3.0.3.jar:3.0.3]
	at org.apache.catalina.core.ApplicationFilterChain.internalDoFilter(ApplicationFilterChain.java:190) ~[tomcat-embed-core-9.0.50.jar:9.0.50]
	at org.apache.catalina.core.ApplicationFilterChain.doFilter(ApplicationFilterChain.java:163) ~[tomcat-embed-core-9.0.50.jar:9.0.50]
	at org.springframework.web.filter.CharacterEncodingFilter.doFilterInternal(CharacterEncodingFilter.java:201) ~[spring-web-5.3.9.jar:5.3.9]
	at org.springframework.web.filter.OncePerRequestFilter.doFilter(OncePerRequestFilter.java:119) ~[spring-web-5.3.9.jar:5.3.9]
	at org.apache.catalina.core.ApplicationFilterChain.internalDoFilter(ApplicationFilterChain.java:190) ~[tomcat-embed-core-9.0.50.jar:9.0.50]
	at org.apache.catalina.core.ApplicationFilterChain.doFilter(ApplicationFilterChain.java:163) ~[tomcat-embed-core-9.0.50.jar:9.0.50]
	at org.apache.catalina.core.StandardWrapperValve.invoke(StandardWrapperValve.java:202) ~[tomcat-embed-core-9.0.50.jar:9.0.50]
	at org.apache.catalina.core.StandardContextValve.invoke(StandardContextValve.java:97) [tomcat-embed-core-9.0.50.jar:9.0.50]
	at org.apache.catalina.authenticator.AuthenticatorBase.invoke(AuthenticatorBase.java:542) [tomcat-embed-core-9.0.50.jar:9.0.50]
	at org.apache.catalina.core.StandardHostValve.invoke(StandardHostValve.java:143) [tomcat-embed-core-9.0.50.jar:9.0.50]
	at org.apache.catalina.valves.ErrorReportValve.invoke(ErrorReportValve.java:92) [tomcat-embed-core-9.0.50.jar:9.0.50]
	at org.apache.catalina.core.StandardEngineValve.invoke(StandardEngineValve.java:78) [tomcat-embed-core-9.0.50.jar:9.0.50]
	at org.apache.catalina.connector.CoyoteAdapter.service(CoyoteAdapter.java:357) [tomcat-embed-core-9.0.50.jar:9.0.50]
	at org.apache.coyote.http11.Http11Processor.service(Http11Processor.java:382) [tomcat-embed-core-9.0.50.jar:9.0.50]
	at org.apache.coyote.AbstractProcessorLight.process(AbstractProcessorLight.java:65) [tomcat-embed-core-9.0.50.jar:9.0.50]
	at org.apache.coyote.AbstractProtocol$ConnectionHandler.process(AbstractProtocol.java:893) [tomcat-embed-core-9.0.50.jar:9.0.50]
	at org.apache.tomcat.util.net.NioEndpoint$SocketProcessor.doRun(NioEndpoint.java:1723) [tomcat-embed-core-9.0.50.jar:9.0.50]
	at org.apache.tomcat.util.net.SocketProcessorBase.run(SocketProcessorBase.java:49) [tomcat-embed-core-9.0.50.jar:9.0.50]
	at java.util.concurrent.ThreadPoolExecutor.runWorker(ThreadPoolExecutor.java:1149) [na:1.8.0_301]
	at java.util.concurrent.ThreadPoolExecutor$Worker.run(ThreadPoolExecutor.java:624) [na:1.8.0_301]
	at org.apache.tomcat.util.threads.TaskThread$WrappingRunnable.run(TaskThread.java:61) [tomcat-embed-core-9.0.50.jar:9.0.50]
	at java.lang.Thread.run(Thread.java:748) [na:1.8.0_301]

2022-06-01 05:06:36.665  INFO [Pension-Management-Portal,,] 71753 --- [AsyncResolver-bootstrap-executor-0] c.n.d.s.r.aws.ConfigClusterResolver      : Resolving eureka endpoints via configuration
2022-06-01 05:09:34.692  INFO [Pension-Management-Portal,3aa2bcf8ec738c73,3aa2bcf8ec738c73] 71753 --- [http-nio-9085-exec-4] c.c.controller.PensionController         : STARTED - getPensionDetail
2022-06-01 05:09:35.867 ERROR [Pension-Management-Portal,,] 71753 --- [http-nio-9085-exec-4] o.a.c.c.C.[.[.[/].[dispatcherServlet]    : Servlet.service() for servlet [dispatcherServlet] in context with path [] threw exception [Request processing failed; nested exception is feign.FeignException$NotFound: [404] during [POST] to [http://Process-Pension-Service/pensionerInput] [ProcessPensionClient#getPensionDetail(String,PensionerInput)]: [{"message":"Pensioner Detail not coreect","statusCode":404,"exceptionTime":1654040375859}]] with root cause

feign.FeignException$NotFound: [404] during [POST] to [http://Process-Pension-Service/pensionerInput] [ProcessPensionClient#getPensionDetail(String,PensionerInput)]: [{"message":"Pensioner Detail not coreect","statusCode":404,"exceptionTime":1654040375859}]
	at feign.FeignException.clientErrorStatus(FeignException.java:201) ~[feign-core-10.12.jar:na]
	at feign.FeignException.errorStatus(FeignException.java:177) ~[feign-core-10.12.jar:na]
	at feign.FeignException.errorStatus(FeignException.java:169) ~[feign-core-10.12.jar:na]
	at feign.codec.ErrorDecoder$Default.decode(ErrorDecoder.java:92) ~[feign-core-10.12.jar:na]
	at feign.AsyncResponseHandler.handleResponse(AsyncResponseHandler.java:96) ~[feign-core-10.12.jar:na]
	at feign.SynchronousMethodHandler.executeAndDecode(SynchronousMethodHandler.java:138) ~[feign-core-10.12.jar:na]
	at feign.SynchronousMethodHandler.invoke(SynchronousMethodHandler.java:89) ~[feign-core-10.12.jar:na]
	at feign.ReflectiveFeign$FeignInvocationHandler.invoke(ReflectiveFeign.java:100) ~[feign-core-10.12.jar:na]
	at com.sun.proxy.$Proxy220.getPensionDetail(Unknown Source) ~[na:na]
	at com.cognizant.controller.PensionController.getPensionDetail(PensionController.java:104) ~[classes/:na]
	at sun.reflect.NativeMethodAccessorImpl.invoke0(Native Method) ~[na:1.8.0_301]
	at sun.reflect.NativeMethodAccessorImpl.invoke(NativeMethodAccessorImpl.java:62) ~[na:1.8.0_301]
	at sun.reflect.DelegatingMethodAccessorImpl.invoke(DelegatingMethodAccessorImpl.java:43) ~[na:1.8.0_301]
	at java.lang.reflect.Method.invoke(Method.java:498) ~[na:1.8.0_301]
	at org.springframework.web.method.support.InvocableHandlerMethod.doInvoke(InvocableHandlerMethod.java:197) ~[spring-web-5.3.9.jar:5.3.9]
	at org.springframework.web.method.support.InvocableHandlerMethod.invokeForRequest(InvocableHandlerMethod.java:141) ~[spring-web-5.3.9.jar:5.3.9]
	at org.springframework.web.servlet.mvc.method.annotation.ServletInvocableHandlerMethod.invokeAndHandle(ServletInvocableHandlerMethod.java:106) ~[spring-webmvc-5.3.9.jar:5.3.9]
	at org.springframework.web.servlet.mvc.method.annotation.RequestMappingHandlerAdapter.invokeHandlerMethod(RequestMappingHandlerAdapter.java:895) ~[spring-webmvc-5.3.9.jar:5.3.9]
	at org.springframework.web.servlet.mvc.method.annotation.RequestMappingHandlerAdapter.handleInternal(RequestMappingHandlerAdapter.java:808) ~[spring-webmvc-5.3.9.jar:5.3.9]
	at org.springframework.web.servlet.mvc.method.AbstractHandlerMethodAdapter.handle(AbstractHandlerMethodAdapter.java:87) ~[spring-webmvc-5.3.9.jar:5.3.9]
	at org.springframework.web.servlet.DispatcherServlet.doDispatch(DispatcherServlet.java:1064) ~[spring-webmvc-5.3.9.jar:5.3.9]
	at org.springframework.web.servlet.DispatcherServlet.doService(DispatcherServlet.java:963) ~[spring-webmvc-5.3.9.jar:5.3.9]
	at org.springframework.web.servlet.FrameworkServlet.processRequest(FrameworkServlet.java:1006) ~[spring-webmvc-5.3.9.jar:5.3.9]
	at org.springframework.web.servlet.FrameworkServlet.doPost(FrameworkServlet.java:909) ~[spring-webmvc-5.3.9.jar:5.3.9]
	at javax.servlet.http.HttpServlet.service(HttpServlet.java:681) ~[tomcat-embed-core-9.0.50.jar:4.0.FR]
	at org.springframework.web.servlet.FrameworkServlet.service(FrameworkServlet.java:883) ~[spring-webmvc-5.3.9.jar:5.3.9]
	at javax.servlet.http.HttpServlet.service(HttpServlet.java:764) ~[tomcat-embed-core-9.0.50.jar:4.0.FR]
	at org.apache.catalina.core.ApplicationFilterChain.internalDoFilter(ApplicationFilterChain.java:228) ~[tomcat-embed-core-9.0.50.jar:9.0.50]
	at org.apache.catalina.core.ApplicationFilterChain.doFilter(ApplicationFilterChain.java:163) ~[tomcat-embed-core-9.0.50.jar:9.0.50]
	at org.apache.tomcat.websocket.server.WsFilter.doFilter(WsFilter.java:53) ~[tomcat-embed-websocket-9.0.50.jar:9.0.50]
	at org.apache.catalina.core.ApplicationFilterChain.internalDoFilter(ApplicationFilterChain.java:190) ~[tomcat-embed-core-9.0.50.jar:9.0.50]
	at org.apache.catalina.core.ApplicationFilterChain.doFilter(ApplicationFilterChain.java:163) ~[tomcat-embed-core-9.0.50.jar:9.0.50]
	at org.springframework.web.filter.RequestContextFilter.doFilterInternal(RequestContextFilter.java:100) ~[spring-web-5.3.9.jar:5.3.9]
	at org.springframework.web.filter.OncePerRequestFilter.doFilter(OncePerRequestFilter.java:119) ~[spring-web-5.3.9.jar:5.3.9]
	at org.apache.catalina.core.ApplicationFilterChain.internalDoFilter(ApplicationFilterChain.java:190) ~[tomcat-embed-core-9.0.50.jar:9.0.50]
	at org.apache.catalina.core.ApplicationFilterChain.doFilter(ApplicationFilterChain.java:163) ~[tomcat-embed-core-9.0.50.jar:9.0.50]
	at org.springframework.web.filter.FormContentFilter.doFilterInternal(FormContentFilter.java:93) ~[spring-web-5.3.9.jar:5.3.9]
	at org.springframework.web.filter.OncePerRequestFilter.doFilter(OncePerRequestFilter.java:119) ~[spring-web-5.3.9.jar:5.3.9]
	at org.apache.catalina.core.ApplicationFilterChain.internalDoFilter(ApplicationFilterChain.java:190) ~[tomcat-embed-core-9.0.50.jar:9.0.50]
	at org.apache.catalina.core.ApplicationFilterChain.doFilter(ApplicationFilterChain.java:163) ~[tomcat-embed-core-9.0.50.jar:9.0.50]
	at org.springframework.cloud.sleuth.instrument.web.servlet.TracingFilter.doFilter(TracingFilter.java:89) ~[spring-cloud-sleuth-instrumentation-3.0.3.jar:3.0.3]
	at org.springframework.cloud.sleuth.autoconfig.instrument.web.LazyTracingFilter.doFilter(TraceWebServletConfiguration.java:114) ~[spring-cloud-sleuth-autoconfigure-3.0.3.jar:3.0.3]
	at org.apache.catalina.core.ApplicationFilterChain.internalDoFilter(ApplicationFilterChain.java:190) ~[tomcat-embed-core-9.0.50.jar:9.0.50]
	at org.apache.catalina.core.ApplicationFilterChain.doFilter(ApplicationFilterChain.java:163) ~[tomcat-embed-core-9.0.50.jar:9.0.50]
	at org.springframework.web.filter.CharacterEncodingFilter.doFilterInternal(CharacterEncodingFilter.java:201) ~[spring-web-5.3.9.jar:5.3.9]
	at org.springframework.web.filter.OncePerRequestFilter.doFilter(OncePerRequestFilter.java:119) ~[spring-web-5.3.9.jar:5.3.9]
	at org.apache.catalina.core.ApplicationFilterChain.internalDoFilter(ApplicationFilterChain.java:190) ~[tomcat-embed-core-9.0.50.jar:9.0.50]
	at org.apache.catalina.core.ApplicationFilterChain.doFilter(ApplicationFilterChain.java:163) ~[tomcat-embed-core-9.0.50.jar:9.0.50]
	at org.apache.catalina.core.StandardWrapperValve.invoke(StandardWrapperValve.java:202) ~[tomcat-embed-core-9.0.50.jar:9.0.50]
	at org.apache.catalina.core.StandardContextValve.invoke(StandardContextValve.java:97) [tomcat-embed-core-9.0.50.jar:9.0.50]
	at org.apache.catalina.authenticator.AuthenticatorBase.invoke(AuthenticatorBase.java:542) [tomcat-embed-core-9.0.50.jar:9.0.50]
	at org.apache.catalina.core.StandardHostValve.invoke(StandardHostValve.java:143) [tomcat-embed-core-9.0.50.jar:9.0.50]
	at org.apache.catalina.valves.ErrorReportValve.invoke(ErrorReportValve.java:92) [tomcat-embed-core-9.0.50.jar:9.0.50]
	at org.apache.catalina.core.StandardEngineValve.invoke(StandardEngineValve.java:78) [tomcat-embed-core-9.0.50.jar:9.0.50]
	at org.apache.catalina.connector.CoyoteAdapter.service(CoyoteAdapter.java:357) [tomcat-embed-core-9.0.50.jar:9.0.50]
	at org.apache.coyote.http11.Http11Processor.service(Http11Processor.java:382) [tomcat-embed-core-9.0.50.jar:9.0.50]
	at org.apache.coyote.AbstractProcessorLight.process(AbstractProcessorLight.java:65) [tomcat-embed-core-9.0.50.jar:9.0.50]
	at org.apache.coyote.AbstractProtocol$ConnectionHandler.process(AbstractProtocol.java:893) [tomcat-embed-core-9.0.50.jar:9.0.50]
	at org.apache.tomcat.util.net.NioEndpoint$SocketProcessor.doRun(NioEndpoint.java:1723) [tomcat-embed-core-9.0.50.jar:9.0.50]
	at org.apache.tomcat.util.net.SocketProcessorBase.run(SocketProcessorBase.java:49) [tomcat-embed-core-9.0.50.jar:9.0.50]
	at java.util.concurrent.ThreadPoolExecutor.runWorker(ThreadPoolExecutor.java:1149) [na:1.8.0_301]
	at java.util.concurrent.ThreadPoolExecutor$Worker.run(ThreadPoolExecutor.java:624) [na:1.8.0_301]
	at org.apache.tomcat.util.threads.TaskThread$WrappingRunnable.run(TaskThread.java:61) [tomcat-embed-core-9.0.50.jar:9.0.50]
	at java.lang.Thread.run(Thread.java:748) [na:1.8.0_301]

2022-06-01 05:10:16.457  INFO [Pension-Management-Portal,b08b15eeb683cd4a,b08b15eeb683cd4a] 71753 --- [http-nio-9085-exec-5] c.c.controller.PensionController         : STARTED - allDetail
2022-06-01 05:10:16.638  INFO [Pension-Management-Portal,b08b15eeb683cd4a,b08b15eeb683cd4a] 71753 --- [http-nio-9085-exec-5] c.c.controller.PensionController         : END - allDetail
2022-06-01 05:10:28.764  INFO [Pension-Management-Portal,39e3c1ecd11527ac,39e3c1ecd11527ac] 71753 --- [http-nio-9085-exec-6] c.c.controller.PensionController         : STARTED - getPensionDetail
2022-06-01 05:10:28.973  INFO [Pension-Management-Portal,39e3c1ecd11527ac,39e3c1ecd11527ac] 71753 --- [http-nio-9085-exec-6] c.c.controller.PensionController         : END - getPensionDetail
