2022-06-01 04:52:23.247  INFO 71764 --- [restartedMain] .c.ProcessPensionMicroserviceApplication : Starting ProcessPensionMicroserviceApplication using Java 1.8.0_301 on intuitdepfceb5 with PID 71764 (/Users/bshree/git/personal/pms-finalworking/process-pension-microservice/target/classes started by bshree in /Users/bshree/git/personal/pms-finalworking/process-pension-microservice)
2022-06-01 04:52:23.255  INFO 71764 --- [restartedMain] .c.ProcessPensionMicroserviceApplication : No active profile set, falling back to default profiles: default
2022-06-01 04:52:23.334  INFO 71764 --- [restartedMain] .e.DevToolsPropertyDefaultsPostProcessor : Devtools property defaults active! Set 'spring.devtools.add-properties' to 'false' to disable
2022-06-01 04:52:23.334  INFO 71764 --- [restartedMain] .e.DevToolsPropertyDefaultsPostProcessor : For additional web related logging consider setting the 'logging.level.web' property to 'DEBUG'
2022-06-01 04:52:24.446  INFO 71764 --- [restartedMain] .s.d.r.c.RepositoryConfigurationDelegate : Bootstrapping Spring Data JPA repositories in DEFAULT mode.
2022-06-01 04:52:24.687  INFO 71764 --- [restartedMain] .s.d.r.c.RepositoryConfigurationDelegate : Finished Spring Data repository scanning in 232 ms. Found 1 JPA repository interfaces.
2022-06-01 04:52:25.016  INFO 71764 --- [restartedMain] o.s.cloud.context.scope.GenericScope     : BeanFactory id=3f8828f4-377f-3ebb-9c77-11749a3c97fb
2022-06-01 04:52:25.926  INFO 71764 --- [restartedMain] o.s.b.w.embedded.tomcat.TomcatWebServer  : Tomcat initialized with port(s): 9084 (http)
2022-06-01 04:52:25.944  INFO 71764 --- [restartedMain] o.apache.catalina.core.StandardService   : Starting service [Tomcat]
2022-06-01 04:52:25.945  INFO 71764 --- [restartedMain] org.apache.catalina.core.StandardEngine  : Starting Servlet engine: [Apache Tomcat/9.0.50]
2022-06-01 04:52:26.080  INFO 71764 --- [restartedMain] o.a.c.c.C.[Tomcat].[localhost].[/]       : Initializing Spring embedded WebApplicationContext
2022-06-01 04:52:26.081  INFO 71764 --- [restartedMain] w.s.c.ServletWebServerApplicationContext : Root WebApplicationContext: initialization completed in 2746 ms
2022-06-01 04:52:26.153  INFO 71764 --- [restartedMain] com.zaxxer.hikari.HikariDataSource       : HikariPool-1 - Starting...
2022-06-01 04:52:26.452  INFO 71764 --- [restartedMain] com.zaxxer.hikari.HikariDataSource       : HikariPool-1 - Start completed.
2022-06-01 04:52:26.462  INFO 71764 --- [restartedMain] o.s.b.a.h2.H2ConsoleAutoConfiguration    : H2 console available at '/h2-console'. Database available at 'jdbc:h2:mem:testDB'
2022-06-01 04:52:26.691  INFO 71764 --- [restartedMain] o.hibernate.jpa.internal.util.LogHelper  : HHH000204: Processing PersistenceUnitInfo [name: default]
2022-06-01 04:52:26.775  INFO 71764 --- [restartedMain] org.hibernate.Version                    : HHH000412: Hibernate ORM core version 5.4.32.Final
2022-06-01 04:52:26.985  INFO 71764 --- [restartedMain] o.hibernate.annotations.common.Version   : HCANN000001: Hibernate Commons Annotations {5.1.2.Final}
2022-06-01 04:52:27.142  INFO 71764 --- [restartedMain] org.hibernate.dialect.Dialect            : HHH000400: Using dialect: org.hibernate.dialect.H2Dialect
2022-06-01 04:52:27.847  INFO 71764 --- [restartedMain] o.h.e.t.j.p.i.JtaPlatformInitiator       : HHH000490: Using JtaPlatform implementation: [org.hibernate.engine.transaction.jta.platform.internal.NoJtaPlatform]
2022-06-01 04:52:27.857  INFO 71764 --- [restartedMain] j.LocalContainerEntityManagerFactoryBean : Initialized JPA EntityManagerFactory for persistence unit 'default'
2022-06-01 04:52:27.885  WARN 71764 --- [restartedMain] o.s.b.d.a.OptionalLiveReloadServer       : Unable to start LiveReload server
2022-06-01 04:52:28.115  WARN 71764 --- [restartedMain] JpaBaseConfiguration$JpaWebConfiguration : spring.jpa.open-in-view is enabled by default. Therefore, database queries may be performed during view rendering. Explicitly configure spring.jpa.open-in-view to disable this warning
2022-06-01 04:52:29.808  INFO 71764 --- [restartedMain] DiscoveryClientOptionalArgsConfiguration : Eureka HTTP Client uses RestTemplate.
2022-06-01 04:52:29.900  WARN 71764 --- [restartedMain] iguration$LoadBalancerCaffeineWarnLogger : Spring Cloud LoadBalancer is currently working with the default cache. You can switch to using Caffeine cache, by adding it and org.springframework.cache.caffeine.CaffeineCacheManager to the classpath.
2022-06-01 04:52:29.938  INFO 71764 --- [restartedMain] o.s.c.n.eureka.InstanceInfoFactory       : Setting initial instance status as: STARTING
2022-06-01 04:52:30.067  INFO 71764 --- [restartedMain] com.netflix.discovery.DiscoveryClient    : Initializing Eureka in region us-east-1
2022-06-01 04:52:30.075  INFO 71764 --- [restartedMain] c.n.d.s.r.aws.ConfigClusterResolver      : Resolving eureka endpoints via configuration
2022-06-01 04:52:30.115  INFO 71764 --- [restartedMain] com.netflix.discovery.DiscoveryClient    : Disable delta property : false
2022-06-01 04:52:30.115  INFO 71764 --- [restartedMain] com.netflix.discovery.DiscoveryClient    : Single vip registry refresh property : null
2022-06-01 04:52:30.115  INFO 71764 --- [restartedMain] com.netflix.discovery.DiscoveryClient    : Force full registry fetch : false
2022-06-01 04:52:30.116  INFO 71764 --- [restartedMain] com.netflix.discovery.DiscoveryClient    : Application is null : false
2022-06-01 04:52:30.116  INFO 71764 --- [restartedMain] com.netflix.discovery.DiscoveryClient    : Registered Applications size is zero : true
2022-06-01 04:52:30.116  INFO 71764 --- [restartedMain] com.netflix.discovery.DiscoveryClient    : Application version is -1: true
2022-06-01 04:52:30.116  INFO 71764 --- [restartedMain] com.netflix.discovery.DiscoveryClient    : Getting all instance registry info from the eureka server
2022-06-01 04:52:30.748  INFO 71764 --- [restartedMain] com.netflix.discovery.DiscoveryClient    : The response status is 200
2022-06-01 04:52:30.752  INFO 71764 --- [restartedMain] com.netflix.discovery.DiscoveryClient    : Starting heartbeat executor: renew interval is: 30
2022-06-01 04:52:30.756  INFO 71764 --- [restartedMain] c.n.discovery.InstanceInfoReplicator     : InstanceInfoReplicator onDemand update allowed rate per min is 4
2022-06-01 04:52:30.761  INFO 71764 --- [restartedMain] com.netflix.discovery.DiscoveryClient    : Discovery Client initialized at timestamp 1654039350760 with initial instances count: 3
2022-06-01 04:52:30.764  INFO 71764 --- [restartedMain] o.s.c.n.e.s.EurekaServiceRegistry        : Registering application PROCESS-PENSION-SERVICE with eureka with status UP
2022-06-01 04:52:30.765  INFO 71764 --- [restartedMain] com.netflix.discovery.DiscoveryClient    : Saw local status change event StatusChangeEvent [timestamp=1654039350764, current=UP, previous=STARTING]
2022-06-01 04:52:30.767  INFO 71764 --- [DiscoveryClient-InstanceInfoReplicator-0] com.netflix.discovery.DiscoveryClient    : DiscoveryClient_PROCESS-PENSION-SERVICE/192.168.18.10:Process-Pension-Service:9084: registering service...
2022-06-01 04:52:30.805  INFO 71764 --- [restartedMain] o.s.b.w.embedded.tomcat.TomcatWebServer  : Tomcat started on port(s): 9084 (http) with context path ''
2022-06-01 04:52:30.806  INFO 71764 --- [restartedMain] .s.c.n.e.s.EurekaAutoServiceRegistration : Updating port to 9084
2022-06-01 04:52:30.811  INFO 71764 --- [restartedMain] d.s.w.p.DocumentationPluginsBootstrapper : Context refreshed
2022-06-01 04:52:30.832  INFO 71764 --- [restartedMain] d.s.w.p.DocumentationPluginsBootstrapper : Found 1 custom documentation plugin(s)
2022-06-01 04:52:30.857  INFO 71764 --- [DiscoveryClient-InstanceInfoReplicator-0] com.netflix.discovery.DiscoveryClient    : DiscoveryClient_PROCESS-PENSION-SERVICE/192.168.18.10:Process-Pension-Service:9084 - registration status: 204
2022-06-01 04:52:30.868  INFO 71764 --- [restartedMain] s.d.s.w.s.ApiListingReferenceScanner     : Scanning for api listing references
2022-06-01 04:52:31.068  INFO 71764 --- [restartedMain] .c.ProcessPensionMicroserviceApplication : Started ProcessPensionMicroserviceApplication in 8.394 seconds (JVM running for 9.094)
2022-06-01 04:57:30.126  INFO 71764 --- [AsyncResolver-bootstrap-executor-0] c.n.d.s.r.aws.ConfigClusterResolver      : Resolving eureka endpoints via configuration
2022-06-01 05:02:30.138  INFO 71764 --- [AsyncResolver-bootstrap-executor-0] c.n.d.s.r.aws.ConfigClusterResolver      : Resolving eureka endpoints via configuration
2022-06-01 05:04:07.320  INFO 71764 --- [http-nio-9084-exec-1] o.a.c.c.C.[Tomcat].[localhost].[/]       : Initializing Spring DispatcherServlet 'dispatcherServlet'
2022-06-01 05:04:07.320  INFO 71764 --- [http-nio-9084-exec-1] o.s.web.servlet.DispatcherServlet        : Initializing Servlet 'dispatcherServlet'
2022-06-01 05:04:07.322  INFO 71764 --- [http-nio-9084-exec-1] o.s.web.servlet.DispatcherServlet        : Completed initialization in 2 ms
2022-06-01 05:04:07.365  INFO 71764 --- [http-nio-9084-exec-1] c.c.controller.ProcessPensionController  : STARTED - allDetail
2022-06-01 05:04:08.553 ERROR 71764 --- [http-nio-9084-exec-1] c.c.controller.ProcessPensionController  : EXCEPTION - allDetail
2022-06-01 05:04:08.554  INFO 71764 --- [http-nio-9084-exec-1] c.c.exception.ControllerAdviceClass      : START
2022-06-01 05:04:08.555  INFO 71764 --- [http-nio-9084-exec-1] c.c.exception.ControllerAdviceClass      : END
2022-06-01 05:04:08.564  WARN 71764 --- [http-nio-9084-exec-1] .m.m.a.ExceptionHandlerExceptionResolver : Resolved [com.cognizant.exception.ProcessPensionException: Pensioner Detail not coreect]
2022-06-01 05:07:30.166  INFO 71764 --- [AsyncResolver-bootstrap-executor-0] c.n.d.s.r.aws.ConfigClusterResolver      : Resolving eureka endpoints via configuration
2022-06-01 05:08:07.681  INFO 71764 --- [Thread-1] o.s.c.n.e.s.EurekaServiceRegistry        : Unregistering application PROCESS-PENSION-SERVICE with eureka with status DOWN
2022-06-01 05:08:07.681  INFO 71764 --- [Thread-1] com.netflix.discovery.DiscoveryClient    : Saw local status change event StatusChangeEvent [timestamp=1654040287681, current=DOWN, previous=UP]
2022-06-01 05:08:07.682  INFO 71764 --- [DiscoveryClient-InstanceInfoReplicator-0] com.netflix.discovery.DiscoveryClient    : DiscoveryClient_PROCESS-PENSION-SERVICE/192.168.18.10:Process-Pension-Service:9084: registering service...
2022-06-01 05:08:07.692  INFO 71764 --- [DiscoveryClient-InstanceInfoReplicator-0] com.netflix.discovery.DiscoveryClient    : DiscoveryClient_PROCESS-PENSION-SERVICE/192.168.18.10:Process-Pension-Service:9084 - registration status: 204
2022-06-01 05:08:07.711  INFO 71764 --- [Thread-1] j.LocalContainerEntityManagerFactoryBean : Closing JPA EntityManagerFactory for persistence unit 'default'
2022-06-01 05:08:07.712  INFO 71764 --- [Thread-1] .SchemaDropperImpl$DelayedDropActionImpl : HHH000477: Starting delayed evictData of schema as part of SessionFactory shut-down'
2022-06-01 05:08:07.935  WARN 71764 --- [Thread-1] o.s.b.f.support.DisposableBeanAdapter    : Invocation of destroy method failed on bean with name 'inMemoryDatabaseShutdownExecutor': org.h2.jdbc.JdbcSQLNonTransientConnectionException: Database is already closed (to disable automatic closing at VM shutdown, add ";DB_CLOSE_ON_EXIT=FALSE" to the db URL) [90121-200]
2022-06-01 05:08:07.936  INFO 71764 --- [Thread-1] com.zaxxer.hikari.HikariDataSource       : HikariPool-1 - Shutdown initiated...
2022-06-01 05:08:07.939  INFO 71764 --- [Thread-1] com.zaxxer.hikari.HikariDataSource       : HikariPool-1 - Shutdown completed.
2022-06-01 05:08:07.940  INFO 71764 --- [Thread-1] com.netflix.discovery.DiscoveryClient    : Shutting down DiscoveryClient ...
2022-06-01 05:08:10.943  INFO 71764 --- [Thread-1] com.netflix.discovery.DiscoveryClient    : Unregistering ...
2022-06-01 05:08:10.952  INFO 71764 --- [Thread-1] com.netflix.discovery.DiscoveryClient    : DiscoveryClient_PROCESS-PENSION-SERVICE/192.168.18.10:Process-Pension-Service:9084 - deregister  status: 200
2022-06-01 05:08:10.957  INFO 71764 --- [Thread-1] com.netflix.discovery.DiscoveryClient    : Completed shut down of DiscoveryClient
2022-06-01 05:08:11.208  INFO 71764 --- [restartedMain] .c.ProcessPensionMicroserviceApplication : Starting ProcessPensionMicroserviceApplication using Java 1.8.0_301 on intuitdepfceb5 with PID 71764 (/Users/bshree/git/personal/pms-finalworking/process-pension-microservice/target/classes started by bshree in /Users/bshree/git/personal/pms-finalworking/process-pension-microservice)
2022-06-01 05:08:11.208  INFO 71764 --- [restartedMain] .c.ProcessPensionMicroserviceApplication : No active profile set, falling back to default profiles: default
2022-06-01 05:08:11.691  INFO 71764 --- [restartedMain] .s.d.r.c.RepositoryConfigurationDelegate : Bootstrapping Spring Data JPA repositories in DEFAULT mode.
2022-06-01 05:08:11.705  INFO 71764 --- [restartedMain] .s.d.r.c.RepositoryConfigurationDelegate : Finished Spring Data repository scanning in 13 ms. Found 1 JPA repository interfaces.
2022-06-01 05:08:11.801  INFO 71764 --- [restartedMain] o.s.cloud.context.scope.GenericScope     : BeanFactory id=9d89c526-8e5a-3261-adcd-b5a4fb90b893
2022-06-01 05:08:11.952  INFO 71764 --- [restartedMain] o.s.b.w.embedded.tomcat.TomcatWebServer  : Tomcat initialized with port(s): 9084 (http)
2022-06-01 05:08:11.953  INFO 71764 --- [restartedMain] o.apache.catalina.core.StandardService   : Starting service [Tomcat]
2022-06-01 05:08:11.953  INFO 71764 --- [restartedMain] org.apache.catalina.core.StandardEngine  : Starting Servlet engine: [Apache Tomcat/9.0.50]
2022-06-01 05:08:11.968  INFO 71764 --- [restartedMain] o.a.c.c.C.[Tomcat].[localhost].[/]       : Initializing Spring embedded WebApplicationContext
2022-06-01 05:08:11.968  INFO 71764 --- [restartedMain] w.s.c.ServletWebServerApplicationContext : Root WebApplicationContext: initialization completed in 756 ms
2022-06-01 05:08:11.992  INFO 71764 --- [restartedMain] com.zaxxer.hikari.HikariDataSource       : HikariPool-2 - Starting...
2022-06-01 05:08:11.995  INFO 71764 --- [restartedMain] com.zaxxer.hikari.HikariDataSource       : HikariPool-2 - Start completed.
2022-06-01 05:08:11.996  INFO 71764 --- [restartedMain] o.s.b.a.h2.H2ConsoleAutoConfiguration    : H2 console available at '/h2-console'. Database available at 'jdbc:h2:mem:testDB'
2022-06-01 05:08:12.027  INFO 71764 --- [restartedMain] o.hibernate.jpa.internal.util.LogHelper  : HHH000204: Processing PersistenceUnitInfo [name: default]
2022-06-01 05:08:12.036  INFO 71764 --- [restartedMain] org.hibernate.dialect.Dialect            : HHH000400: Using dialect: org.hibernate.dialect.H2Dialect
2022-06-01 05:08:12.090  INFO 71764 --- [restartedMain] o.h.e.t.j.p.i.JtaPlatformInitiator       : HHH000490: Using JtaPlatform implementation: [org.hibernate.engine.transaction.jta.platform.internal.NoJtaPlatform]
2022-06-01 05:08:12.091  INFO 71764 --- [restartedMain] j.LocalContainerEntityManagerFactoryBean : Initialized JPA EntityManagerFactory for persistence unit 'default'
2022-06-01 05:08:12.102  WARN 71764 --- [restartedMain] o.s.b.d.a.OptionalLiveReloadServer       : Unable to start LiveReload server
2022-06-01 05:08:12.163  WARN 71764 --- [restartedMain] JpaBaseConfiguration$JpaWebConfiguration : spring.jpa.open-in-view is enabled by default. Therefore, database queries may be performed during view rendering. Explicitly configure spring.jpa.open-in-view to disable this warning
2022-06-01 05:08:12.510  INFO 71764 --- [restartedMain] DiscoveryClientOptionalArgsConfiguration : Eureka HTTP Client uses RestTemplate.
2022-06-01 05:08:12.546  WARN 71764 --- [restartedMain] iguration$LoadBalancerCaffeineWarnLogger : Spring Cloud LoadBalancer is currently working with the default cache. You can switch to using Caffeine cache, by adding it and org.springframework.cache.caffeine.CaffeineCacheManager to the classpath.
2022-06-01 05:08:12.561  INFO 71764 --- [restartedMain] o.s.c.n.eureka.InstanceInfoFactory       : Setting initial instance status as: STARTING
2022-06-01 05:08:12.565  INFO 71764 --- [restartedMain] com.netflix.discovery.DiscoveryClient    : Initializing Eureka in region us-east-1
2022-06-01 05:08:12.566  INFO 71764 --- [restartedMain] c.n.d.s.r.aws.ConfigClusterResolver      : Resolving eureka endpoints via configuration
2022-06-01 05:08:12.575  INFO 71764 --- [restartedMain] com.netflix.discovery.DiscoveryClient    : Disable delta property : false
2022-06-01 05:08:12.575  INFO 71764 --- [restartedMain] com.netflix.discovery.DiscoveryClient    : Single vip registry refresh property : null
2022-06-01 05:08:12.575  INFO 71764 --- [restartedMain] com.netflix.discovery.DiscoveryClient    : Force full registry fetch : false
2022-06-01 05:08:12.575  INFO 71764 --- [restartedMain] com.netflix.discovery.DiscoveryClient    : Application is null : false
2022-06-01 05:08:12.575  INFO 71764 --- [restartedMain] com.netflix.discovery.DiscoveryClient    : Registered Applications size is zero : true
2022-06-01 05:08:12.575  INFO 71764 --- [restartedMain] com.netflix.discovery.DiscoveryClient    : Application version is -1: true
2022-06-01 05:08:12.575  INFO 71764 --- [restartedMain] com.netflix.discovery.DiscoveryClient    : Getting all instance registry info from the eureka server
2022-06-01 05:08:12.611  INFO 71764 --- [restartedMain] com.netflix.discovery.DiscoveryClient    : The response status is 200
2022-06-01 05:08:12.613  INFO 71764 --- [restartedMain] com.netflix.discovery.DiscoveryClient    : Starting heartbeat executor: renew interval is: 30
2022-06-01 05:08:12.614  INFO 71764 --- [restartedMain] c.n.discovery.InstanceInfoReplicator     : InstanceInfoReplicator onDemand update allowed rate per min is 4
2022-06-01 05:08:12.616  INFO 71764 --- [restartedMain] com.netflix.discovery.DiscoveryClient    : Discovery Client initialized at timestamp 1654040292616 with initial instances count: 4
2022-06-01 05:08:12.618  INFO 71764 --- [restartedMain] o.s.c.n.e.s.EurekaServiceRegistry        : Registering application PROCESS-PENSION-SERVICE with eureka with status UP
2022-06-01 05:08:12.618  INFO 71764 --- [restartedMain] com.netflix.discovery.DiscoveryClient    : Saw local status change event StatusChangeEvent [timestamp=1654040292618, current=UP, previous=STARTING]
2022-06-01 05:08:12.619  INFO 71764 --- [DiscoveryClient-InstanceInfoReplicator-0] com.netflix.discovery.DiscoveryClient    : DiscoveryClient_PROCESS-PENSION-SERVICE/192.168.18.10:Process-Pension-Service:9084: registering service...
2022-06-01 05:08:12.623  INFO 71764 --- [restartedMain] o.s.b.w.embedded.tomcat.TomcatWebServer  : Tomcat started on port(s): 9084 (http) with context path ''
2022-06-01 05:08:12.623  INFO 71764 --- [restartedMain] .s.c.n.e.s.EurekaAutoServiceRegistration : Updating port to 9084
2022-06-01 05:08:12.629  INFO 71764 --- [restartedMain] d.s.w.p.DocumentationPluginsBootstrapper : Context refreshed
2022-06-01 05:08:12.631  INFO 71764 --- [restartedMain] d.s.w.p.DocumentationPluginsBootstrapper : Found 1 custom documentation plugin(s)
2022-06-01 05:08:12.644  INFO 71764 --- [restartedMain] s.d.s.w.s.ApiListingReferenceScanner     : Scanning for api listing references
2022-06-01 05:08:12.654  INFO 71764 --- [DiscoveryClient-InstanceInfoReplicator-0] com.netflix.discovery.DiscoveryClient    : DiscoveryClient_PROCESS-PENSION-SERVICE/192.168.18.10:Process-Pension-Service:9084 - registration status: 204
2022-06-01 05:08:12.689  INFO 71764 --- [restartedMain] .c.ProcessPensionMicroserviceApplication : Started ProcessPensionMicroserviceApplication in 1.529 seconds (JVM running for 950.697)
2022-06-01 05:08:12.693  INFO 71764 --- [restartedMain] .ConditionEvaluationDeltaLoggingListener : Condition evaluation unchanged
2022-06-01 05:08:33.015  INFO 71764 --- [Thread-9] o.s.c.n.e.s.EurekaServiceRegistry        : Unregistering application PROCESS-PENSION-SERVICE with eureka with status DOWN
2022-06-01 05:08:33.015  INFO 71764 --- [Thread-9] com.netflix.discovery.DiscoveryClient    : Saw local status change event StatusChangeEvent [timestamp=1654040313015, current=DOWN, previous=UP]
2022-06-01 05:08:33.016  INFO 71764 --- [DiscoveryClient-InstanceInfoReplicator-0] com.netflix.discovery.DiscoveryClient    : DiscoveryClient_PROCESS-PENSION-SERVICE/192.168.18.10:Process-Pension-Service:9084: registering service...
2022-06-01 05:08:33.023  INFO 71764 --- [DiscoveryClient-InstanceInfoReplicator-0] com.netflix.discovery.DiscoveryClient    : DiscoveryClient_PROCESS-PENSION-SERVICE/192.168.18.10:Process-Pension-Service:9084 - registration status: 204
2022-06-01 05:08:33.036  INFO 71764 --- [Thread-9] j.LocalContainerEntityManagerFactoryBean : Closing JPA EntityManagerFactory for persistence unit 'default'
2022-06-01 05:08:33.036  INFO 71764 --- [Thread-9] .SchemaDropperImpl$DelayedDropActionImpl : HHH000477: Starting delayed evictData of schema as part of SessionFactory shut-down'
2022-06-01 05:08:33.241  WARN 71764 --- [Thread-9] o.s.b.f.support.DisposableBeanAdapter    : Invocation of destroy method failed on bean with name 'inMemoryDatabaseShutdownExecutor': org.h2.jdbc.JdbcSQLNonTransientConnectionException: Database is already closed (to disable automatic closing at VM shutdown, add ";DB_CLOSE_ON_EXIT=FALSE" to the db URL) [90121-200]
2022-06-01 05:08:33.242  INFO 71764 --- [Thread-9] com.zaxxer.hikari.HikariDataSource       : HikariPool-2 - Shutdown initiated...
2022-06-01 05:08:33.244  INFO 71764 --- [Thread-9] com.zaxxer.hikari.HikariDataSource       : HikariPool-2 - Shutdown completed.
2022-06-01 05:08:33.244  INFO 71764 --- [Thread-9] com.netflix.discovery.DiscoveryClient    : Shutting down DiscoveryClient ...
2022-06-01 05:08:36.245  INFO 71764 --- [Thread-9] com.netflix.discovery.DiscoveryClient    : Unregistering ...
2022-06-01 05:08:36.251  INFO 71764 --- [Thread-9] com.netflix.discovery.DiscoveryClient    : DiscoveryClient_PROCESS-PENSION-SERVICE/192.168.18.10:Process-Pension-Service:9084 - deregister  status: 200
2022-06-01 05:08:36.256  INFO 71764 --- [Thread-9] com.netflix.discovery.DiscoveryClient    : Completed shut down of DiscoveryClient
2022-06-01 05:08:36.668  INFO 71764 --- [restartedMain] .c.ProcessPensionMicroserviceApplication : Starting ProcessPensionMicroserviceApplication using Java 1.8.0_301 on intuitdepfceb5 with PID 71764 (/Users/bshree/git/personal/pms-finalworking/process-pension-microservice/target/classes started by bshree in /Users/bshree/git/personal/pms-finalworking/process-pension-microservice)
2022-06-01 05:08:36.668  INFO 71764 --- [restartedMain] .c.ProcessPensionMicroserviceApplication : No active profile set, falling back to default profiles: default
2022-06-01 05:08:36.874  INFO 71764 --- [restartedMain] .s.d.r.c.RepositoryConfigurationDelegate : Bootstrapping Spring Data JPA repositories in DEFAULT mode.
2022-06-01 05:08:36.885  INFO 71764 --- [restartedMain] .s.d.r.c.RepositoryConfigurationDelegate : Finished Spring Data repository scanning in 10 ms. Found 1 JPA repository interfaces.
2022-06-01 05:08:36.937  INFO 71764 --- [restartedMain] o.s.cloud.context.scope.GenericScope     : BeanFactory id=5ffef1df-40f2-3fd1-90bc-310a4f17a64e
2022-06-01 05:08:36.992  INFO 71764 --- [restartedMain] o.s.b.w.embedded.tomcat.TomcatWebServer  : Tomcat initialized with port(s): 9084 (http)
2022-06-01 05:08:36.992  INFO 71764 --- [restartedMain] o.apache.catalina.core.StandardService   : Starting service [Tomcat]
2022-06-01 05:08:36.992  INFO 71764 --- [restartedMain] org.apache.catalina.core.StandardEngine  : Starting Servlet engine: [Apache Tomcat/9.0.50]
2022-06-01 05:08:37.000  INFO 71764 --- [restartedMain] o.a.c.c.C.[Tomcat].[localhost].[/]       : Initializing Spring embedded WebApplicationContext
2022-06-01 05:08:37.000  INFO 71764 --- [restartedMain] w.s.c.ServletWebServerApplicationContext : Root WebApplicationContext: initialization completed in 330 ms
2022-06-01 05:08:37.014  INFO 71764 --- [restartedMain] com.zaxxer.hikari.HikariDataSource       : HikariPool-3 - Starting...
2022-06-01 05:08:37.016  INFO 71764 --- [restartedMain] com.zaxxer.hikari.HikariDataSource       : HikariPool-3 - Start completed.
2022-06-01 05:08:37.016  INFO 71764 --- [restartedMain] o.s.b.a.h2.H2ConsoleAutoConfiguration    : H2 console available at '/h2-console'. Database available at 'jdbc:h2:mem:testDB'
2022-06-01 05:08:37.037  INFO 71764 --- [restartedMain] o.hibernate.jpa.internal.util.LogHelper  : HHH000204: Processing PersistenceUnitInfo [name: default]
2022-06-01 05:08:37.043  INFO 71764 --- [restartedMain] org.hibernate.dialect.Dialect            : HHH000400: Using dialect: org.hibernate.dialect.H2Dialect
2022-06-01 05:08:37.078  INFO 71764 --- [restartedMain] o.h.e.t.j.p.i.JtaPlatformInitiator       : HHH000490: Using JtaPlatform implementation: [org.hibernate.engine.transaction.jta.platform.internal.NoJtaPlatform]
2022-06-01 05:08:37.078  INFO 71764 --- [restartedMain] j.LocalContainerEntityManagerFactoryBean : Initialized JPA EntityManagerFactory for persistence unit 'default'
2022-06-01 05:08:37.085  WARN 71764 --- [restartedMain] o.s.b.d.a.OptionalLiveReloadServer       : Unable to start LiveReload server
2022-06-01 05:08:37.121  WARN 71764 --- [restartedMain] JpaBaseConfiguration$JpaWebConfiguration : spring.jpa.open-in-view is enabled by default. Therefore, database queries may be performed during view rendering. Explicitly configure spring.jpa.open-in-view to disable this warning
2022-06-01 05:08:37.131  WARN 71764 --- [restartedMain] o.s.c.openfeign.FeignClientFactoryBean   : The provided URL is empty. Will try picking an instance via load-balancing.
2022-06-01 05:08:37.356  INFO 71764 --- [restartedMain] DiscoveryClientOptionalArgsConfiguration : Eureka HTTP Client uses RestTemplate.
2022-06-01 05:08:37.382  WARN 71764 --- [restartedMain] iguration$LoadBalancerCaffeineWarnLogger : Spring Cloud LoadBalancer is currently working with the default cache. You can switch to using Caffeine cache, by adding it and org.springframework.cache.caffeine.CaffeineCacheManager to the classpath.
2022-06-01 05:08:37.391  INFO 71764 --- [restartedMain] o.s.c.n.eureka.InstanceInfoFactory       : Setting initial instance status as: STARTING
2022-06-01 05:08:37.394  INFO 71764 --- [restartedMain] com.netflix.discovery.DiscoveryClient    : Initializing Eureka in region us-east-1
2022-06-01 05:08:37.394  INFO 71764 --- [restartedMain] c.n.d.s.r.aws.ConfigClusterResolver      : Resolving eureka endpoints via configuration
2022-06-01 05:08:37.396  INFO 71764 --- [restartedMain] com.netflix.discovery.DiscoveryClient    : Disable delta property : false
2022-06-01 05:08:37.396  INFO 71764 --- [restartedMain] com.netflix.discovery.DiscoveryClient    : Single vip registry refresh property : null
2022-06-01 05:08:37.396  INFO 71764 --- [restartedMain] com.netflix.discovery.DiscoveryClient    : Force full registry fetch : false
2022-06-01 05:08:37.396  INFO 71764 --- [restartedMain] com.netflix.discovery.DiscoveryClient    : Application is null : false
2022-06-01 05:08:37.396  INFO 71764 --- [restartedMain] com.netflix.discovery.DiscoveryClient    : Registered Applications size is zero : true
2022-06-01 05:08:37.396  INFO 71764 --- [restartedMain] com.netflix.discovery.DiscoveryClient    : Application version is -1: true
2022-06-01 05:08:37.396  INFO 71764 --- [restartedMain] com.netflix.discovery.DiscoveryClient    : Getting all instance registry info from the eureka server
2022-06-01 05:08:37.423  INFO 71764 --- [restartedMain] com.netflix.discovery.DiscoveryClient    : The response status is 200
2022-06-01 05:08:37.425  INFO 71764 --- [restartedMain] com.netflix.discovery.DiscoveryClient    : Starting heartbeat executor: renew interval is: 30
2022-06-01 05:08:37.426  INFO 71764 --- [restartedMain] c.n.discovery.InstanceInfoReplicator     : InstanceInfoReplicator onDemand update allowed rate per min is 4
2022-06-01 05:08:37.427  INFO 71764 --- [restartedMain] com.netflix.discovery.DiscoveryClient    : Discovery Client initialized at timestamp 1654040317427 with initial instances count: 4
2022-06-01 05:08:37.428  INFO 71764 --- [restartedMain] o.s.c.n.e.s.EurekaServiceRegistry        : Registering application PROCESS-PENSION-SERVICE with eureka with status UP
2022-06-01 05:08:37.428  INFO 71764 --- [restartedMain] com.netflix.discovery.DiscoveryClient    : Saw local status change event StatusChangeEvent [timestamp=1654040317428, current=UP, previous=STARTING]
2022-06-01 05:08:37.429  INFO 71764 --- [DiscoveryClient-InstanceInfoReplicator-0] com.netflix.discovery.DiscoveryClient    : DiscoveryClient_PROCESS-PENSION-SERVICE/192.168.18.10:Process-Pension-Service:9084: registering service...
2022-06-01 05:08:37.432  INFO 71764 --- [restartedMain] o.s.b.w.embedded.tomcat.TomcatWebServer  : Tomcat started on port(s): 9084 (http) with context path ''
2022-06-01 05:08:37.433  INFO 71764 --- [restartedMain] .s.c.n.e.s.EurekaAutoServiceRegistration : Updating port to 9084
2022-06-01 05:08:37.436  INFO 71764 --- [restartedMain] d.s.w.p.DocumentationPluginsBootstrapper : Context refreshed
2022-06-01 05:08:37.437  INFO 71764 --- [restartedMain] d.s.w.p.DocumentationPluginsBootstrapper : Found 1 custom documentation plugin(s)
2022-06-01 05:08:37.440  INFO 71764 --- [restartedMain] s.d.s.w.s.ApiListingReferenceScanner     : Scanning for api listing references
2022-06-01 05:08:37.447  INFO 71764 --- [DiscoveryClient-InstanceInfoReplicator-0] com.netflix.discovery.DiscoveryClient    : DiscoveryClient_PROCESS-PENSION-SERVICE/192.168.18.10:Process-Pension-Service:9084 - registration status: 204
2022-06-01 05:08:37.478  INFO 71764 --- [restartedMain] .c.ProcessPensionMicroserviceApplication : Started ProcessPensionMicroserviceApplication in 1.019 seconds (JVM running for 975.486)
2022-06-01 05:08:37.481  INFO 71764 --- [restartedMain] .ConditionEvaluationDeltaLoggingListener : Condition evaluation unchanged
2022-06-01 05:09:34.713  INFO 71764 --- [http-nio-9084-exec-1] o.a.c.c.C.[Tomcat].[localhost].[/]       : Initializing Spring DispatcherServlet 'dispatcherServlet'
2022-06-01 05:09:34.713  INFO 71764 --- [http-nio-9084-exec-1] o.s.web.servlet.DispatcherServlet        : Initializing Servlet 'dispatcherServlet'
2022-06-01 05:09:34.715  INFO 71764 --- [http-nio-9084-exec-1] o.s.web.servlet.DispatcherServlet        : Completed initialization in 2 ms
2022-06-01 05:09:34.719  INFO 71764 --- [http-nio-9084-exec-1] c.c.controller.ProcessPensionController  : STARTED - allDetail
2022-06-01 05:09:35.856 ERROR 71764 --- [http-nio-9084-exec-1] c.c.controller.ProcessPensionController  : EXCEPTION - allDetail
2022-06-01 05:09:35.857  INFO 71764 --- [http-nio-9084-exec-1] c.c.exception.ControllerAdviceClass      : START
2022-06-01 05:09:35.859  INFO 71764 --- [http-nio-9084-exec-1] c.c.exception.ControllerAdviceClass      : END
2022-06-01 05:09:35.864  WARN 71764 --- [http-nio-9084-exec-1] .m.m.a.ExceptionHandlerExceptionResolver : Resolved [com.cognizant.exception.ProcessPensionException: Pensioner Detail not coreect]
2022-06-01 05:10:16.460  INFO 71764 --- [http-nio-9084-exec-2] c.c.controller.ProcessPensionController  : STARTED - allDetail
2022-06-01 05:10:16.630  INFO 71764 --- [http-nio-9084-exec-2] c.c.controller.ProcessPensionController  : END - allDetail
2022-06-01 05:10:28.779  INFO 71764 --- [http-nio-9084-exec-3] c.c.controller.ProcessPensionController  : STARTED - allDetail
2022-06-01 05:10:28.916  INFO 71764 --- [http-nio-9084-exec-3] c.c.service.ProcessPensionService        : STARTED - getPensionDetail
2022-06-01 05:10:28.916  INFO 71764 --- [http-nio-9084-exec-3] c.c.service.ProcessPensionService        : END - getPensionDetail
2022-06-01 05:10:28.916  INFO 71764 --- [http-nio-9084-exec-3] c.c.controller.ProcessPensionController  : END - allDetail
2022-06-01 05:10:28.916  INFO 71764 --- [http-nio-9084-exec-3] c.c.service.ProcessPensionService        : STARTED - savePensionDetail
2022-06-01 05:10:28.917  INFO 71764 --- [http-nio-9084-exec-3] c.c.service.ProcessPensionService        : END - savePensionDetail
